Started by user [8mha:////4FzY2PN8TESmlsoZ5dKjszpjR01TAyNpn+7cGzZ4QvLFAAAAlx+LCAAAAAAAAP9b85aBtbiIQTGjNKU4P08vOT+vOD8nVc83PyU1x6OyILUoJzMv2y+/JJUBAhiZGBgqihhk0NSjKDWzXb3RdlLBUSYGJk8GtpzUvPSSDB8G5tKinBIGIZ+sxLJE/ZzEvHT94JKizLx0a6BxUmjGOUNodHsLgAzWEgZu/dLi1CL9gsS8lEQACjKVYMAAAAA=[0mpanda
Running as SYSTEM
Building on master in workspace /var/jenkins_home/workspace/CodePull
The recommended git tool is: NONE
using credential Git-credentials
 > git rev-parse --is-inside-work-tree # timeout=10
Fetching changes from the remote Git repository
 > git config remote.origin.url https://github.com/balc3r/panda_application.git # timeout=10
Fetching upstream changes from https://github.com/balc3r/panda_application.git
 > git --version # timeout=10
 > git --version # 'git version 2.20.1'
using GIT_ASKPASS to set credentials GIT
 > git fetch --tags --force --progress -- https://github.com/balc3r/panda_application.git +refs/heads/*:refs/remotes/origin/* # timeout=10
 > git rev-parse refs/remotes/origin/main^{commit} # timeout=10
Checking out Revision 1c9e1a83ca4c92caef9cf48e7723354e49b54849 (refs/remotes/origin/main)
 > git config core.sparsecheckout # timeout=10
 > git checkout -f 1c9e1a83ca4c92caef9cf48e7723354e49b54849 # timeout=10
Commit message: "Merge pull request #1 from balc3r/seleniumgrid"
 > git rev-list --no-walk bf5751758ce47418f933ef4d903a5bc4a1132a9f # timeout=10
[CodePull] $ /var/jenkins_home/tools/hudson.tasks.Maven_MavenInstallation/m3/bin/mvn install
[INFO] Scanning for projects...
[INFO] 
[INFO] --------------------------< pl.pandait:panda >--------------------------
[INFO] Building panda 0.0.1
[INFO] --------------------------------[ jar ]---------------------------------
Downloading from central: https://repo.maven.apache.org/maven2/org/hamcrest/hamcrest-core/2.1/hamcrest-core-2.1.pom
Progress (1): 1.4 kB                    Downloaded from central: https://repo.maven.apache.org/maven2/org/hamcrest/hamcrest-core/2.1/hamcrest-core-2.1.pom (1.4 kB at 1.2 kB/s)
Downloading from central: https://repo.maven.apache.org/maven2/org/seleniumhq/selenium/selenium-java/3.141.59/selenium-java-3.141.59.pom
Progress (1): 2.7/5.4 kBProgress (1): 5.4 kB                        Downloaded from central: https://repo.maven.apache.org/maven2/org/seleniumhq/selenium/selenium-java/3.141.59/selenium-java-3.141.59.pom (5.4 kB at 72 kB/s)
Downloading from central: https://repo.maven.apache.org/maven2/org/seleniumhq/selenium/selenium-api/3.141.59/selenium-api-3.141.59.pom
Progress (1): 2.6 kB                    Downloaded from central: https://repo.maven.apache.org/maven2/org/seleniumhq/selenium/selenium-api/3.141.59/selenium-api-3.141.59.pom (2.6 kB at 41 kB/s)
Downloading from central: https://repo.maven.apache.org/maven2/org/seleniumhq/selenium/selenium-chrome-driver/3.141.59/selenium-chrome-driver-3.141.59.pom
Progress (1): 2.7/4.0 kBProgress (1): 4.0 kB                        Downloaded from central: https://repo.maven.apache.org/maven2/org/seleniumhq/selenium/selenium-chrome-driver/3.141.59/selenium-chrome-driver-3.141.59.pom (4.0 kB at 69 kB/s)
Downloading from central: https://repo.maven.apache.org/maven2/org/seleniumhq/selenium/selenium-remote-driver/3.141.59/selenium-remote-driver-3.141.59.pom
Progress (1): 2.7/3.8 kBProgress (1): 3.8 kB                        Downloaded from central: https://repo.maven.apache.org/maven2/org/seleniumhq/selenium/selenium-remote-driver/3.141.59/selenium-remote-driver-3.141.59.pom (3.8 kB at 67 kB/s)
Downloading from central: https://repo.maven.apache.org/maven2/org/apache/commons/commons-exec/1.3/commons-exec-1.3.pom
Progress (1): 2.7/11 kBProgress (1): 5.5/11 kBProgress (1): 8.2/11 kBProgress (1): 11/11 kB Progress (1): 11 kB                      Downloaded from central: https://repo.maven.apache.org/maven2/org/apache/commons/commons-exec/1.3/commons-exec-1.3.pom (11 kB at 164 kB/s)
Downloading from central: https://repo.maven.apache.org/maven2/org/apache/commons/commons-parent/35/commons-parent-35.pom
Progress (1): 2.7/58 kBProgress (1): 5.5/58 kBProgress (1): 8.2/58 kBProgress (1): 11/58 kB Progress (1): 14/58 kBProgress (1): 16/58 kBProgress (1): 19/58 kBProgress (1): 22/58 kBProgress (1): 25/58 kBProgress (1): 27/58 kBProgress (1): 30/58 kBProgress (1): 33/58 kBProgress (1): 36/58 kBProgress (1): 38/58 kBProgress (1): 41/58 kBProgress (1): 44/58 kBProgress (1): 47/58 kBProgress (1): 49/58 kBProgress (1): 52/58 kBProgress (1): 55/58 kBProgress (1): 58/58 kBProgress (1): 58 kB                      Downloaded from central: https://repo.maven.apache.org/maven2/org/apache/commons/commons-parent/35/commons-parent-35.pom (58 kB at 477 kB/s)
Downloading from central: https://repo.maven.apache.org/maven2/com/google/guava/guava/25.0-jre/guava-25.0-jre.pom
Progress (1): 2.7/7.8 kBProgress (1): 5.5/7.8 kBProgress (1): 7.8 kB                        Downloaded from central: https://repo.maven.apache.org/maven2/com/google/guava/guava/25.0-jre/guava-25.0-jre.pom (7.8 kB at 90 kB/s)
Downloading from central: https://repo.maven.apache.org/maven2/com/google/guava/guava-parent/25.0-jre/guava-parent-25.0-jre.pom
Progress (1): 2.7/10 kBProgress (1): 5.5/10 kBProgress (1): 8.2/10 kBProgress (1): 10 kB                       Downloaded from central: https://repo.maven.apache.org/maven2/com/google/guava/guava-parent/25.0-jre/guava-parent-25.0-jre.pom (10 kB at 171 kB/s)
Downloading from central: https://repo.maven.apache.org/maven2/com/google/code/findbugs/jsr305/1.3.9/jsr305-1.3.9.pom
Progress (1): 965 B                   Downloaded from central: https://repo.maven.apache.org/maven2/com/google/code/findbugs/jsr305/1.3.9/jsr305-1.3.9.pom (965 B at 19 kB/s)
Downloading from central: https://repo.maven.apache.org/maven2/org/checkerframework/checker-compat-qual/2.0.0/checker-compat-qual-2.0.0.pom
Progress (1): 2.7/4.2 kBProgress (1): 4.2 kB                        Downloaded from central: https://repo.maven.apache.org/maven2/org/checkerframework/checker-compat-qual/2.0.0/checker-compat-qual-2.0.0.pom (4.2 kB at 79 kB/s)
Downloading from central: https://repo.maven.apache.org/maven2/com/google/errorprone/error_prone_annotations/2.1.3/error_prone_annotations-2.1.3.pom
Progress (1): 1.8 kB                    Downloaded from central: https://repo.maven.apache.org/maven2/com/google/errorprone/error_prone_annotations/2.1.3/error_prone_annotations-2.1.3.pom (1.8 kB at 31 kB/s)
Downloading from central: https://repo.maven.apache.org/maven2/com/google/errorprone/error_prone_parent/2.1.3/error_prone_parent-2.1.3.pom
Progress (1): 2.7/5.1 kBProgress (1): 5.1 kB                        Downloaded from central: https://repo.maven.apache.org/maven2/com/google/errorprone/error_prone_parent/2.1.3/error_prone_parent-2.1.3.pom (5.1 kB at 93 kB/s)
Downloading from central: https://repo.maven.apache.org/maven2/com/google/j2objc/j2objc-annotations/1.1/j2objc-annotations-1.1.pom
Progress (1): 2.7/2.8 kBProgress (1): 2.8 kB                        Downloaded from central: https://repo.maven.apache.org/maven2/com/google/j2objc/j2objc-annotations/1.1/j2objc-annotations-1.1.pom (2.8 kB at 54 kB/s)
Downloading from central: https://repo.maven.apache.org/maven2/org/codehaus/mojo/animal-sniffer-annotations/1.14/animal-sniffer-annotations-1.14.pom
Progress (1): 2.5 kB                    Downloaded from central: https://repo.maven.apache.org/maven2/org/codehaus/mojo/animal-sniffer-annotations/1.14/animal-sniffer-annotations-1.14.pom (2.5 kB at 48 kB/s)
Downloading from central: https://repo.maven.apache.org/maven2/org/codehaus/mojo/animal-sniffer-parent/1.14/animal-sniffer-parent-1.14.pom
Progress (1): 2.7/4.4 kBProgress (1): 4.4 kB                        Downloaded from central: https://repo.maven.apache.org/maven2/org/codehaus/mojo/animal-sniffer-parent/1.14/animal-sniffer-parent-1.14.pom (4.4 kB at 78 kB/s)
Downloading from central: https://repo.maven.apache.org/maven2/org/codehaus/mojo/mojo-parent/34/mojo-parent-34.pom
Progress (1): 2.7/24 kBProgress (1): 5.5/24 kBProgress (1): 8.2/24 kBProgress (1): 11/24 kB Progress (1): 14/24 kBProgress (1): 16/24 kBProgress (1): 19/24 kBProgress (1): 22/24 kBProgress (1): 24 kB                      Downloaded from central: https://repo.maven.apache.org/maven2/org/codehaus/mojo/mojo-parent/34/mojo-parent-34.pom (24 kB at 406 kB/s)
Downloading from central: https://repo.maven.apache.org/maven2/org/codehaus/codehaus-parent/4/codehaus-parent-4.pom
Progress (1): 2.7/4.8 kBProgress (1): 4.8 kB                        Downloaded from central: https://repo.maven.apache.org/maven2/org/codehaus/codehaus-parent/4/codehaus-parent-4.pom (4.8 kB at 82 kB/s)
Downloading from central: https://repo.maven.apache.org/maven2/com/squareup/okhttp3/okhttp/3.14.6/okhttp-3.14.6.pom
Progress (1): 2.5 kB                    Downloaded from central: https://repo.maven.apache.org/maven2/com/squareup/okhttp3/okhttp/3.14.6/okhttp-3.14.6.pom (2.5 kB at 46 kB/s)
Downloading from central: https://repo.maven.apache.org/maven2/com/squareup/okhttp3/parent/3.14.6/parent-3.14.6.pom
Progress (1): 2.7/21 kBProgress (1): 5.5/21 kBProgress (1): 8.2/21 kBProgress (1): 11/21 kB Progress (1): 14/21 kBProgress (1): 16/21 kBProgress (1): 19/21 kBProgress (1): 21 kB                      Downloaded from central: https://repo.maven.apache.org/maven2/com/squareup/okhttp3/parent/3.14.6/parent-3.14.6.pom (21 kB at 341 kB/s)
Downloading from central: https://repo.maven.apache.org/maven2/com/squareup/okio/okio/1.17.2/okio-1.17.2.pom
Progress (1): 2.0 kB                    Downloaded from central: https://repo.maven.apache.org/maven2/com/squareup/okio/okio/1.17.2/okio-1.17.2.pom (2.0 kB at 37 kB/s)
Downloading from central: https://repo.maven.apache.org/maven2/com/squareup/okio/okio-parent/1.17.2/okio-parent-1.17.2.pom
Progress (1): 2.7/4.9 kBProgress (1): 4.9 kB                        Downloaded from central: https://repo.maven.apache.org/maven2/com/squareup/okio/okio-parent/1.17.2/okio-parent-1.17.2.pom (4.9 kB at 74 kB/s)
Downloading from central: https://repo.maven.apache.org/maven2/com/squareup/okio/okio/1.14.0/okio-1.14.0.pom
Progress (1): 2.0 kB                    Downloaded from central: https://repo.maven.apache.org/maven2/com/squareup/okio/okio/1.14.0/okio-1.14.0.pom (2.0 kB at 40 kB/s)
Downloading from central: https://repo.maven.apache.org/maven2/com/squareup/okio/okio-parent/1.14.0/okio-parent-1.14.0.pom
Progress (1): 4.1/4.9 kBProgress (1): 4.9 kB                        Downloaded from central: https://repo.maven.apache.org/maven2/com/squareup/okio/okio-parent/1.14.0/okio-parent-1.14.0.pom (4.9 kB at 70 kB/s)
Downloading from central: https://repo.maven.apache.org/maven2/org/seleniumhq/selenium/selenium-edge-driver/3.141.59/selenium-edge-driver-3.141.59.pom
Progress (1): 4.0 kB                    Downloaded from central: https://repo.maven.apache.org/maven2/org/seleniumhq/selenium/selenium-edge-driver/3.141.59/selenium-edge-driver-3.141.59.pom (4.0 kB at 59 kB/s)
Downloading from central: https://repo.maven.apache.org/maven2/org/seleniumhq/selenium/selenium-firefox-driver/3.141.59/selenium-firefox-driver-3.141.59.pom
Progress (1): 4.0 kB                    Downloaded from central: https://repo.maven.apache.org/maven2/org/seleniumhq/selenium/selenium-firefox-driver/3.141.59/selenium-firefox-driver-3.141.59.pom (4.0 kB at 51 kB/s)
Downloading from central: https://repo.maven.apache.org/maven2/org/seleniumhq/selenium/selenium-ie-driver/3.141.59/selenium-ie-driver-3.141.59.pom
Progress (1): 4.0 kB                    Downloaded from central: https://repo.maven.apache.org/maven2/org/seleniumhq/selenium/selenium-ie-driver/3.141.59/selenium-ie-driver-3.141.59.pom (4.0 kB at 63 kB/s)
Downloading from central: https://repo.maven.apache.org/maven2/org/seleniumhq/selenium/selenium-opera-driver/3.141.59/selenium-opera-driver-3.141.59.pom
Progress (1): 4.0 kB                    Downloaded from central: https://repo.maven.apache.org/maven2/org/seleniumhq/selenium/selenium-opera-driver/3.141.59/selenium-opera-driver-3.141.59.pom (4.0 kB at 45 kB/s)
Downloading from central: https://repo.maven.apache.org/maven2/org/seleniumhq/selenium/selenium-safari-driver/3.141.59/selenium-safari-driver-3.141.59.pom
Progress (1): 4.0 kB                    Downloaded from central: https://repo.maven.apache.org/maven2/org/seleniumhq/selenium/selenium-safari-driver/3.141.59/selenium-safari-driver-3.141.59.pom (4.0 kB at 49 kB/s)
Downloading from central: https://repo.maven.apache.org/maven2/org/seleniumhq/selenium/selenium-support/3.141.59/selenium-support-3.141.59.pom
Progress (1): 4.0 kB                    Downloaded from central: https://repo.maven.apache.org/maven2/org/seleniumhq/selenium/selenium-support/3.141.59/selenium-support-3.141.59.pom (4.0 kB at 55 kB/s)
Downloading from central: https://repo.maven.apache.org/maven2/org/hamcrest/hamcrest-core/2.1/hamcrest-core-2.1.jar
Downloading from central: https://repo.maven.apache.org/maven2/org/seleniumhq/selenium/selenium-api/3.141.59/selenium-api-3.141.59.jar
Downloading from central: https://repo.maven.apache.org/maven2/org/seleniumhq/selenium/selenium-chrome-driver/3.141.59/selenium-chrome-driver-3.141.59.jar
Downloading from central: https://repo.maven.apache.org/maven2/org/seleniumhq/selenium/selenium-java/3.141.59/selenium-java-3.141.59.jar
Downloading from central: https://repo.maven.apache.org/maven2/org/seleniumhq/selenium/selenium-edge-driver/3.141.59/selenium-edge-driver-3.141.59.jar
Progress (1): 4.1/182 kBProgress (1): 8.2/182 kBProgress (1): 12/182 kB Progress (1): 16/182 kBProgress (1): 20/182 kBProgress (1): 25/182 kBProgress (1): 29/182 kBProgress (1): 33/182 kBProgress (1): 37/182 kBProgress (1): 41/182 kBProgress (1): 45/182 kBProgress (1): 49/182 kBProgress (1): 53/182 kBProgress (1): 57/182 kBProgress (1): 61/182 kBProgress (1): 66/182 kBProgress (1): 70/182 kBProgress (1): 74/182 kBProgress (1): 78/182 kBProgress (1): 82/182 kBProgress (1): 86/182 kBProgress (1): 90/182 kBProgress (1): 94/182 kBProgress (1): 98/182 kBProgress (1): 102/182 kBProgress (1): 106/182 kBProgress (1): 111/182 kBProgress (1): 115/182 kBProgress (1): 119/182 kBProgress (1): 123/182 kBProgress (1): 127/182 kBProgress (1): 131/182 kBProgress (1): 135/182 kBProgress (1): 139/182 kBProgress (1): 143/182 kBProgress (1): 147/182 kBProgress (1): 152/182 kBProgress (1): 156/182 kBProgress (1): 160/182 kBProgress (1): 164/182 kBProgress (1): 168/182 kBProgress (1): 172/182 kBProgress (1): 176/182 kBProgress (1): 180/182 kBProgress (1): 182 kB    Progress (2): 182 kB | 2.7/14 kBProgress (3): 182 kB | 2.7/14 kB | 2.7/8.0 kBProgress (3): 182 kB | 2.7/14 kB | 5.5/8.0 kBProgress (3): 182 kB | 5.5/14 kB | 5.5/8.0 kBProgress (3): 182 kB | 5.5/14 kB | 8.0 kB    Progress (3): 182 kB | 8.2/14 kB | 8.0 kBProgress (3): 182 kB | 11/14 kB | 8.0 kB Progress (4): 182 kB | 11/14 kB | 8.0 kB | 355 BProgress (4): 182 kB | 14/14 kB | 8.0 kB | 355 BProgress (4): 182 kB | 14 kB | 8.0 kB | 355 B                                                Downloaded from central: https://repo.maven.apache.org/maven2/org/seleniumhq/selenium/selenium-api/3.141.59/selenium-api-3.141.59.jar (182 kB at 615 kB/s)
Downloading from central: https://repo.maven.apache.org/maven2/org/seleniumhq/selenium/selenium-firefox-driver/3.141.59/selenium-firefox-driver-3.141.59.jar
Progress (4): 14 kB | 8.0 kB | 355 B | 1.2 kB                                             Downloaded from central: https://repo.maven.apache.org/maven2/org/seleniumhq/selenium/selenium-java/3.141.59/selenium-java-3.141.59.jar (355 B at 1.1 kB/s)
Downloading from central: https://repo.maven.apache.org/maven2/org/seleniumhq/selenium/selenium-ie-driver/3.141.59/selenium-ie-driver-3.141.59.jar
Downloaded from central: https://repo.maven.apache.org/maven2/org/seleniumhq/selenium/selenium-chrome-driver/3.141.59/selenium-chrome-driver-3.141.59.jar (14 kB at 43 kB/s)
Downloading from central: https://repo.maven.apache.org/maven2/org/seleniumhq/selenium/selenium-opera-driver/3.141.59/selenium-opera-driver-3.141.59.jar
Downloaded from central: https://repo.maven.apache.org/maven2/org/seleniumhq/selenium/selenium-edge-driver/3.141.59/selenium-edge-driver-3.141.59.jar (8.0 kB at 25 kB/s)
Downloading from central: https://repo.maven.apache.org/maven2/org/seleniumhq/selenium/selenium-remote-driver/3.141.59/selenium-remote-driver-3.141.59.jar
Progress (2): 1.2 kB | 4.1/17 kBProgress (3): 1.2 kB | 4.1/17 kB | 2.7/810 kBProgress (4): 1.2 kB | 4.1/17 kB | 2.7/810 kB | 2.7/11 kB                                                         Downloaded from central: https://repo.maven.apache.org/maven2/org/hamcrest/hamcrest-core/2.1/hamcrest-core-2.1.jar (1.2 kB at 3.0 kB/s)
Downloading from central: https://repo.maven.apache.org/maven2/org/seleniumhq/selenium/selenium-safari-driver/3.141.59/selenium-safari-driver-3.141.59.jar
Progress (3): 8.2/17 kB | 2.7/810 kB | 2.7/11 kBProgress (3): 12/17 kB | 2.7/810 kB | 2.7/11 kB Progress (3): 12/17 kB | 2.7/810 kB | 5.5/11 kBProgress (3): 16/17 kB | 2.7/810 kB | 5.5/11 kBProgress (3): 17 kB | 2.7/810 kB | 5.5/11 kB   Progress (3): 17 kB | 5.5/810 kB | 5.5/11 kBProgress (4): 17 kB | 5.5/810 kB | 5.5/11 kB | 2.7/334 kBProgress (4): 17 kB | 8.2/810 kB | 5.5/11 kB | 2.7/334 kBProgress (4): 17 kB | 8.2/810 kB | 8.2/11 kB | 2.7/334 kBProgress (4): 17 kB | 11/810 kB | 8.2/11 kB | 2.7/334 kB Progress (4): 17 kB | 11/810 kB | 8.2/11 kB | 5.5/334 kBProgress (4): 17 kB | 11/810 kB | 8.2/11 kB | 8.2/334 kBProgress (4): 17 kB | 11/810 kB | 8.2/11 kB | 11/334 kB Progress (4): 17 kB | 11/810 kB | 8.2/11 kB | 14/334 kBProgress (4): 17 kB | 11/810 kB | 8.2/11 kB | 16/334 kBProgress (4): 17 kB | 11/810 kB | 11 kB | 16/334 kB    Progress (4): 17 kB | 14/810 kB | 11 kB | 16/334 kBProgress (4): 17 kB | 16/810 kB | 11 kB | 16/334 kBProgress (4): 17 kB | 19/810 kB | 11 kB | 16/334 kBProgress (4): 17 kB | 22/810 kB | 11 kB | 16/334 kBProgress (4): 17 kB | 22/810 kB | 11 kB | 19/334 kBProgress (4): 17 kB | 22/810 kB | 11 kB | 22/334 kBProgress (5): 17 kB | 22/810 kB | 11 kB | 22/334 kB | 2.7/16 kBProgress (5): 17 kB | 25/810 kB | 11 kB | 22/334 kB | 2.7/16 kBProgress (5): 17 kB | 27/810 kB | 11 kB | 22/334 kB | 2.7/16 kBProgress (5): 17 kB | 27/810 kB | 11 kB | 25/334 kB | 2.7/16 kBProgress (5): 17 kB | 27/810 kB | 11 kB | 25/334 kB | 5.5/16 kBProgress (5): 17 kB | 27/810 kB | 11 kB | 25/334 kB | 8.2/16 kBProgress (5): 17 kB | 27/810 kB | 11 kB | 25/334 kB | 11/16 kB Progress (5): 17 kB | 27/810 kB | 11 kB | 27/334 kB | 11/16 kB                                                              Downloaded from central: https://repo.maven.apache.org/maven2/org/seleniumhq/selenium/selenium-ie-driver/3.141.59/selenium-ie-driver-3.141.59.jar (17 kB at 40 kB/s)
Downloading from central: https://repo.maven.apache.org/maven2/org/seleniumhq/selenium/selenium-support/3.141.59/selenium-support-3.141.59.jar
Progress (4): 27/810 kB | 11 kB | 27/334 kB | 14/16 kBProgress (4): 27/810 kB | 11 kB | 27/334 kB | 16 kB   Progress (4): 30/810 kB | 11 kB | 27/334 kB | 16 kBProgress (4): 33/810 kB | 11 kB | 27/334 kB | 16 kBProgress (4): 36/810 kB | 11 kB | 27/334 kB | 16 kBProgress (4): 38/810 kB | 11 kB | 27/334 kB | 16 kBProgress (4): 41/810 kB | 11 kB | 27/334 kB | 16 kBProgress (4): 44/810 kB | 11 kB | 27/334 kB | 16 kBProgress (4): 44/810 kB | 11 kB | 30/334 kB | 16 kB                                                   Downloaded from central: https://repo.maven.apache.org/maven2/org/seleniumhq/selenium/selenium-opera-driver/3.141.59/selenium-opera-driver-3.141.59.jar (11 kB at 24 kB/s)
Downloading from central: https://repo.maven.apache.org/maven2/org/apache/commons/commons-exec/1.3/commons-exec-1.3.jar
Progress (3): 47/810 kB | 30/334 kB | 16 kBProgress (3): 49/810 kB | 30/334 kB | 16 kBProgress (3): 49/810 kB | 33/334 kB | 16 kBProgress (3): 49/810 kB | 36/334 kB | 16 kBProgress (4): 49/810 kB | 36/334 kB | 16 kB | 4.1/151 kBProgress (4): 49/810 kB | 36/334 kB | 16 kB | 8.2/151 kBProgress (4): 49/810 kB | 36/334 kB | 16 kB | 12/151 kB Progress (4): 52/810 kB | 36/334 kB | 16 kB | 12/151 kB                                                       Downloaded from central: https://repo.maven.apache.org/maven2/org/seleniumhq/selenium/selenium-safari-driver/3.141.59/selenium-safari-driver-3.141.59.jar (16 kB at 32 kB/s)
Downloading from central: https://repo.maven.apache.org/maven2/com/google/guava/guava/25.0-jre/guava-25.0-jre.jar
Progress (3): 52/810 kB | 38/334 kB | 12/151 kBProgress (3): 52/810 kB | 38/334 kB | 16/151 kBProgress (3): 52/810 kB | 41/334 kB | 16/151 kBProgress (3): 52/810 kB | 41/334 kB | 20/151 kBProgress (3): 52/810 kB | 44/334 kB | 20/151 kBProgress (3): 52/810 kB | 47/334 kB | 20/151 kBProgress (3): 52/810 kB | 49/334 kB | 20/151 kBProgress (3): 55/810 kB | 49/334 kB | 20/151 kBProgress (3): 58/810 kB | 49/334 kB | 20/151 kBProgress (3): 60/810 kB | 49/334 kB | 20/151 kBProgress (3): 63/810 kB | 49/334 kB | 20/151 kBProgress (3): 63/810 kB | 49/334 kB | 25/151 kBProgress (3): 63/810 kB | 49/334 kB | 29/151 kBProgress (3): 63/810 kB | 49/334 kB | 33/151 kBProgress (3): 63/810 kB | 49/334 kB | 37/151 kBProgress (3): 63/810 kB | 49/334 kB | 41/151 kBProgress (3): 63/810 kB | 49/334 kB | 45/151 kBProgress (3): 63/810 kB | 49/334 kB | 49/151 kBProgress (3): 66/810 kB | 49/334 kB | 49/151 kBProgress (4): 66/810 kB | 49/334 kB | 49/151 kB | 2.7/54 kBProgress (4): 66/810 kB | 52/334 kB | 49/151 kB | 2.7/54 kBProgress (4): 66/810 kB | 55/334 kB | 49/151 kB | 2.7/54 kBProgress (4): 66/810 kB | 58/334 kB | 49/151 kB | 2.7/54 kBProgress (4): 66/810 kB | 60/334 kB | 49/151 kB | 2.7/54 kBProgress (4): 69/810 kB | 60/334 kB | 49/151 kB | 2.7/54 kBProgress (4): 71/810 kB | 60/334 kB | 49/151 kB | 2.7/54 kBProgress (5): 71/810 kB | 60/334 kB | 49/151 kB | 2.7/54 kB | 0/2.7 MBProgress (5): 71/810 kB | 63/334 kB | 49/151 kB | 2.7/54 kB | 0/2.7 MBProgress (5): 71/810 kB | 66/334 kB | 49/151 kB | 2.7/54 kB | 0/2.7 MBProgress (5): 71/810 kB | 69/334 kB | 49/151 kB | 2.7/54 kB | 0/2.7 MBProgress (5): 71/810 kB | 71/334 kB | 49/151 kB | 2.7/54 kB | 0/2.7 MBProgress (5): 71/810 kB | 74/334 kB | 49/151 kB | 2.7/54 kB | 0/2.7 MBProgress (5): 71/810 kB | 74/334 kB | 49/151 kB | 2.7/54 kB | 0/2.7 MBProgress (5): 71/810 kB | 74/334 kB | 53/151 kB | 2.7/54 kB | 0/2.7 MBProgress (5): 71/810 kB | 77/334 kB | 53/151 kB | 2.7/54 kB | 0/2.7 MBProgress (5): 71/810 kB | 77/334 kB | 53/151 kB | 5.5/54 kB | 0/2.7 MBProgress (5): 74/810 kB | 77/334 kB | 53/151 kB | 5.5/54 kB | 0/2.7 MBProgress (5): 77/810 kB | 77/334 kB | 53/151 kB | 5.5/54 kB | 0/2.7 MBProgress (5): 80/810 kB | 77/334 kB | 53/151 kB | 5.5/54 kB | 0/2.7 MBProgress (5): 82/810 kB | 77/334 kB | 53/151 kB | 5.5/54 kB | 0/2.7 MBProgress (5): 82/810 kB | 77/334 kB | 53/151 kB | 5.5/54 kB | 0/2.7 MBProgress (5): 82/810 kB | 77/334 kB | 53/151 kB | 5.5/54 kB | 0/2.7 MBProgress (5): 82/810 kB | 77/334 kB | 53/151 kB | 5.5/54 kB | 0.1/2.7 MBProgress (5): 82/810 kB | 80/334 kB | 53/151 kB | 5.5/54 kB | 0.1/2.7 MBProgress (5): 82/810 kB | 80/334 kB | 57/151 kB | 5.5/54 kB | 0.1/2.7 MBProgress (5): 82/810 kB | 80/334 kB | 61/151 kB | 5.5/54 kB | 0.1/2.7 MBProgress (5): 82/810 kB | 80/334 kB | 66/151 kB | 5.5/54 kB | 0.1/2.7 MBProgress (5): 82/810 kB | 80/334 kB | 66/151 kB | 5.5/54 kB | 0.1/2.7 MBProgress (5): 82/810 kB | 80/334 kB | 66/151 kB | 8.2/54 kB | 0.1/2.7 MBProgress (5): 82/810 kB | 80/334 kB | 70/151 kB | 8.2/54 kB | 0.1/2.7 MBProgress (5): 82/810 kB | 80/334 kB | 74/151 kB | 8.2/54 kB | 0.1/2.7 MBProgress (5): 82/810 kB | 80/334 kB | 78/151 kB | 8.2/54 kB | 0.1/2.7 MBProgress (5): 82/810 kB | 80/334 kB | 78/151 kB | 11/54 kB | 0.1/2.7 MB Progress (5): 85/810 kB | 80/334 kB | 78/151 kB | 11/54 kB | 0.1/2.7 MBProgress (5): 85/810 kB | 82/334 kB | 78/151 kB | 11/54 kB | 0.1/2.7 MBProgress (5): 88/810 kB | 82/334 kB | 78/151 kB | 11/54 kB | 0.1/2.7 MBProgress (5): 88/810 kB | 85/334 kB | 78/151 kB | 11/54 kB | 0.1/2.7 MBProgress (5): 90/810 kB | 85/334 kB | 78/151 kB | 11/54 kB | 0.1/2.7 MBProgress (5): 90/810 kB | 88/334 kB | 78/151 kB | 11/54 kB | 0.1/2.7 MBProgress (5): 93/810 kB | 88/334 kB | 78/151 kB | 11/54 kB | 0.1/2.7 MBProgress (5): 93/810 kB | 88/334 kB | 78/151 kB | 14/54 kB | 0.1/2.7 MBProgress (5): 93/810 kB | 88/334 kB | 82/151 kB | 14/54 kB | 0.1/2.7 MBProgress (5): 93/810 kB | 88/334 kB | 82/151 kB | 16/54 kB | 0.1/2.7 MBProgress (5): 93/810 kB | 88/334 kB | 86/151 kB | 16/54 kB | 0.1/2.7 MBProgress (5): 93/810 kB | 88/334 kB | 86/151 kB | 16/54 kB | 0.1/2.7 MBProgress (5): 93/810 kB | 88/334 kB | 90/151 kB | 16/54 kB | 0.1/2.7 MBProgress (5): 96/810 kB | 88/334 kB | 90/151 kB | 16/54 kB | 0.1/2.7 MBProgress (5): 96/810 kB | 88/334 kB | 90/151 kB | 19/54 kB | 0.1/2.7 MBProgress (5): 96/810 kB | 90/334 kB | 90/151 kB | 19/54 kB | 0.1/2.7 MBProgress (5): 99/810 kB | 90/334 kB | 90/151 kB | 19/54 kB | 0.1/2.7 MBProgress (5): 99/810 kB | 93/334 kB | 90/151 kB | 19/54 kB | 0.1/2.7 MBProgress (5): 101/810 kB | 93/334 kB | 90/151 kB | 19/54 kB | 0.1/2.7 MBProgress (5): 101/810 kB | 96/334 kB | 90/151 kB | 19/54 kB | 0.1/2.7 MBProgress (5): 101/810 kB | 96/334 kB | 94/151 kB | 19/54 kB | 0.1/2.7 MBProgress (5): 101/810 kB | 96/334 kB | 98/151 kB | 19/54 kB | 0.1/2.7 MBProgress (5): 104/810 kB | 96/334 kB | 98/151 kB | 19/54 kB | 0.1/2.7 MBProgress (5): 104/810 kB | 96/334 kB | 98/151 kB | 22/54 kB | 0.1/2.7 MBProgress (5): 107/810 kB | 96/334 kB | 98/151 kB | 22/54 kB | 0.1/2.7 MBProgress (5): 107/810 kB | 96/334 kB | 102/151 kB | 22/54 kB | 0.1/2.7 MBProgress (5): 107/810 kB | 96/334 kB | 106/151 kB | 22/54 kB | 0.1/2.7 MBProgress (5): 107/810 kB | 96/334 kB | 111/151 kB | 22/54 kB | 0.1/2.7 MBProgress (5): 107/810 kB | 96/334 kB | 115/151 kB | 22/54 kB | 0.1/2.7 MBProgress (5): 107/810 kB | 96/334 kB | 115/151 kB | 25/54 kB | 0.1/2.7 MBProgress (5): 110/810 kB | 96/334 kB | 115/151 kB | 25/54 kB | 0.1/2.7 MBProgress (5): 110/810 kB | 99/334 kB | 115/151 kB | 25/54 kB | 0.1/2.7 MBProgress (5): 112/810 kB | 99/334 kB | 115/151 kB | 25/54 kB | 0.1/2.7 MBProgress (5): 112/810 kB | 99/334 kB | 119/151 kB | 25/54 kB | 0.1/2.7 MBProgress (5): 112/810 kB | 99/334 kB | 123/151 kB | 25/54 kB | 0.1/2.7 MBProgress (5): 112/810 kB | 99/334 kB | 127/151 kB | 25/54 kB | 0.1/2.7 MBProgress (5): 112/810 kB | 99/334 kB | 131/151 kB | 25/54 kB | 0.1/2.7 MBProgress (5): 115/810 kB | 99/334 kB | 131/151 kB | 25/54 kB | 0.1/2.7 MBProgress (5): 115/810 kB | 99/334 kB | 135/151 kB | 25/54 kB | 0.1/2.7 MBProgress (5): 115/810 kB | 101/334 kB | 135/151 kB | 25/54 kB | 0.1/2.7 MBProgress (5): 115/810 kB | 104/334 kB | 135/151 kB | 25/54 kB | 0.1/2.7 MBProgress (5): 118/810 kB | 104/334 kB | 135/151 kB | 25/54 kB | 0.1/2.7 MBProgress (5): 121/810 kB | 104/334 kB | 135/151 kB | 25/54 kB | 0.1/2.7 MBProgress (5): 121/810 kB | 104/334 kB | 135/151 kB | 25/54 kB | 0.1/2.7 MBProgress (5): 121/810 kB | 104/334 kB | 139/151 kB | 25/54 kB | 0.1/2.7 MBProgress (5): 121/810 kB | 107/334 kB | 139/151 kB | 25/54 kB | 0.1/2.7 MBProgress (5): 121/810 kB | 107/334 kB | 139/151 kB | 27/54 kB | 0.1/2.7 MBProgress (5): 121/810 kB | 107/334 kB | 143/151 kB | 27/54 kB | 0.1/2.7 MBProgress (5): 121/810 kB | 110/334 kB | 143/151 kB | 27/54 kB | 0.1/2.7 MBProgress (5): 121/810 kB | 112/334 kB | 143/151 kB | 27/54 kB | 0.1/2.7 MBProgress (5): 121/810 kB | 112/334 kB | 143/151 kB | 30/54 kB | 0.1/2.7 MBProgress (5): 121/810 kB | 112/334 kB | 143/151 kB | 33/54 kB | 0.1/2.7 MBProgress (5): 123/810 kB | 112/334 kB | 143/151 kB | 33/54 kB | 0.1/2.7 MBProgress (5): 123/810 kB | 112/334 kB | 143/151 kB | 36/54 kB | 0.1/2.7 MBProgress (5): 123/810 kB | 112/334 kB | 143/151 kB | 36/54 kB | 0.1/2.7 MBProgress (5): 123/810 kB | 112/334 kB | 143/151 kB | 36/54 kB | 0.1/2.7 MBProgress (5): 123/810 kB | 112/334 kB | 143/151 kB | 36/54 kB | 0.1/2.7 MBProgress (5): 123/810 kB | 112/334 kB | 147/151 kB | 36/54 kB | 0.1/2.7 MBProgress (5): 123/810 kB | 115/334 kB | 147/151 kB | 36/54 kB | 0.1/2.7 MBProgress (5): 123/810 kB | 118/334 kB | 147/151 kB | 36/54 kB | 0.1/2.7 MBProgress (5): 123/810 kB | 121/334 kB | 147/151 kB | 36/54 kB | 0.1/2.7 MBProgress (5): 123/810 kB | 121/334 kB | 147/151 kB | 38/54 kB | 0.1/2.7 MBProgress (5): 126/810 kB | 121/334 kB | 147/151 kB | 38/54 kB | 0.1/2.7 MBProgress (5): 126/810 kB | 121/334 kB | 147/151 kB | 41/54 kB | 0.1/2.7 MBProgress (5): 126/810 kB | 121/334 kB | 151 kB | 41/54 kB | 0.1/2.7 MB    Progress (5): 126/810 kB | 121/334 kB | 151 kB | 44/54 kB | 0.1/2.7 MBProgress (5): 126/810 kB | 121/334 kB | 151 kB | 47/54 kB | 0.1/2.7 MBProgress (5): 126/810 kB | 123/334 kB | 151 kB | 47/54 kB | 0.1/2.7 MBProgress (5): 126/810 kB | 123/334 kB | 151 kB | 49/54 kB | 0.1/2.7 MBProgress (5): 129/810 kB | 123/334 kB | 151 kB | 49/54 kB | 0.1/2.7 MBProgress (5): 132/810 kB | 123/334 kB | 151 kB | 49/54 kB | 0.1/2.7 MBProgress (5): 134/810 kB | 123/334 kB | 151 kB | 49/54 kB | 0.1/2.7 MBProgress (5): 137/810 kB | 123/334 kB | 151 kB | 49/54 kB | 0.1/2.7 MBProgress (5): 140/810 kB | 123/334 kB | 151 kB | 49/54 kB | 0.1/2.7 MBProgress (5): 143/810 kB | 123/334 kB | 151 kB | 49/54 kB | 0.1/2.7 MBProgress (5): 145/810 kB | 123/334 kB | 151 kB | 49/54 kB | 0.1/2.7 MBProgress (5): 148/810 kB | 123/334 kB | 151 kB | 49/54 kB | 0.1/2.7 MBProgress (5): 151/810 kB | 123/334 kB | 151 kB | 49/54 kB | 0.1/2.7 MBProgress (5): 151/810 kB | 123/334 kB | 151 kB | 52/54 kB | 0.1/2.7 MBProgress (5): 151/810 kB | 126/334 kB | 151 kB | 52/54 kB | 0.1/2.7 MBProgress (5): 151/810 kB | 126/334 kB | 151 kB | 54 kB | 0.1/2.7 MB   Progress (5): 151/810 kB | 126/334 kB | 151 kB | 54 kB | 0.1/2.7 MBProgress (5): 151/810 kB | 126/334 kB | 151 kB | 54 kB | 0.2/2.7 MBProgress (5): 151/810 kB | 129/334 kB | 151 kB | 54 kB | 0.2/2.7 MBProgress (5): 151/810 kB | 132/334 kB | 151 kB | 54 kB | 0.2/2.7 MBProgress (5): 151/810 kB | 134/334 kB | 151 kB | 54 kB | 0.2/2.7 MBProgress (5): 151/810 kB | 137/334 kB | 151 kB | 54 kB | 0.2/2.7 MBProgress (5): 151/810 kB | 140/334 kB | 151 kB | 54 kB | 0.2/2.7 MBProgress (5): 151/810 kB | 143/334 kB | 151 kB | 54 kB | 0.2/2.7 MBProgress (5): 151/810 kB | 145/334 kB | 151 kB | 54 kB | 0.2/2.7 MBProgress (5): 151/810 kB | 148/334 kB | 151 kB | 54 kB | 0.2/2.7 MBProgress (5): 151/810 kB | 151/334 kB | 151 kB | 54 kB | 0.2/2.7 MBProgress (5): 151/810 kB | 154/334 kB | 151 kB | 54 kB | 0.2/2.7 MBProgress (5): 151/810 kB | 156/334 kB | 151 kB | 54 kB | 0.2/2.7 MBProgress (5): 151/810 kB | 159/334 kB | 151 kB | 54 kB | 0.2/2.7 MBProgress (5): 154/810 kB | 159/334 kB | 151 kB | 54 kB | 0.2/2.7 MBProgress (5): 156/810 kB | 159/334 kB | 151 kB | 54 kB | 0.2/2.7 MBProgress (5): 159/810 kB | 159/334 kB | 151 kB | 54 kB | 0.2/2.7 MBProgress (5): 162/810 kB | 159/334 kB | 151 kB | 54 kB | 0.2/2.7 MBProgress (5): 165/810 kB | 159/334 kB | 151 kB | 54 kB | 0.2/2.7 MBProgress (5): 167/810 kB | 159/334 kB | 151 kB | 54 kB | 0.2/2.7 MBProgress (5): 167/810 kB | 162/334 kB | 151 kB | 54 kB | 0.2/2.7 MBProgress (5): 167/810 kB | 162/334 kB | 151 kB | 54 kB | 0.2/2.7 MBProgress (5): 167/810 kB | 162/334 kB | 151 kB | 54 kB | 0.2/2.7 MB                                                                   Downloaded from central: https://repo.maven.apache.org/maven2/org/seleniumhq/selenium/selenium-support/3.141.59/selenium-support-3.141.59.jar (151 kB at 226 kB/s)
Downloading from central: https://repo.maven.apache.org/maven2/com/google/code/findbugs/jsr305/1.3.9/jsr305-1.3.9.jar
Progress (4): 170/810 kB | 162/334 kB | 54 kB | 0.2/2.7 MBProgress (4): 173/810 kB | 162/334 kB | 54 kB | 0.2/2.7 MBProgress (4): 173/810 kB | 162/334 kB | 54 kB | 0.2/2.7 MBProgress (4): 175/810 kB | 162/334 kB | 54 kB | 0.2/2.7 MBProgress (4): 178/810 kB | 162/334 kB | 54 kB | 0.2/2.7 MBProgress (4): 181/810 kB | 162/334 kB | 54 kB | 0.2/2.7 MBProgress (4): 181/810 kB | 165/334 kB | 54 kB | 0.2/2.7 MBProgress (4): 184/810 kB | 165/334 kB | 54 kB | 0.2/2.7 MBProgress (4): 184/810 kB | 165/334 kB | 54 kB | 0.2/2.7 MBProgress (4): 184/810 kB | 165/334 kB | 54 kB | 0.2/2.7 MBProgress (4): 184/810 kB | 165/334 kB | 54 kB | 0.2/2.7 MBProgress (4): 184/810 kB | 165/334 kB | 54 kB | 0.2/2.7 MBProgress (4): 184/810 kB | 165/334 kB | 54 kB | 0.3/2.7 MBProgress (4): 184/810 kB | 165/334 kB | 54 kB | 0.3/2.7 MBProgress (4): 184/810 kB | 167/334 kB | 54 kB | 0.3/2.7 MBProgress (4): 184/810 kB | 170/334 kB | 54 kB | 0.3/2.7 MBProgress (4): 184/810 kB | 173/334 kB | 54 kB | 0.3/2.7 MBProgress (4): 184/810 kB | 175/334 kB | 54 kB | 0.3/2.7 MB                                                          Downloaded from central: https://repo.maven.apache.org/maven2/org/apache/commons/commons-exec/1.3/commons-exec-1.3.jar (54 kB at 79 kB/s)
Progress (3): 184/810 kB | 178/334 kB | 0.3/2.7 MBProgress (3): 184/810 kB | 181/334 kB | 0.3/2.7 MBProgress (3): 184/810 kB | 184/334 kB | 0.3/2.7 MBProgress (3): 184/810 kB | 186/334 kB | 0.3/2.7 MBProgress (3): 184/810 kB | 189/334 kB | 0.3/2.7 MB                                                  Downloading from central: https://repo.maven.apache.org/maven2/org/checkerframework/checker-compat-qual/2.0.0/checker-compat-qual-2.0.0.jar
Progress (3): 184/810 kB | 189/334 kB | 0.3/2.7 MBProgress (3): 184/810 kB | 189/334 kB | 0.3/2.7 MBProgress (3): 184/810 kB | 189/334 kB | 0.3/2.7 MBProgress (3): 186/810 kB | 189/334 kB | 0.3/2.7 MBProgress (3): 189/810 kB | 189/334 kB | 0.3/2.7 MBProgress (4): 189/810 kB | 189/334 kB | 0.3/2.7 MB | 4.1/33 kBProgress (4): 189/810 kB | 189/334 kB | 0.3/2.7 MB | 8.2/33 kBProgress (4): 189/810 kB | 189/334 kB | 0.3/2.7 MB | 12/33 kB Progress (4): 189/810 kB | 192/334 kB | 0.3/2.7 MB | 12/33 kBProgress (4): 189/810 kB | 195/334 kB | 0.3/2.7 MB | 12/33 kBProgress (4): 192/810 kB | 195/334 kB | 0.3/2.7 MB | 12/33 kBProgress (4): 195/810 kB | 195/334 kB | 0.3/2.7 MB | 12/33 kBProgress (4): 197/810 kB | 195/334 kB | 0.3/2.7 MB | 12/33 kBProgress (4): 200/810 kB | 195/334 kB | 0.3/2.7 MB | 12/33 kBProgress (4): 203/810 kB | 195/334 kB | 0.3/2.7 MB | 12/33 kBProgress (4): 206/810 kB | 195/334 kB | 0.3/2.7 MB | 12/33 kBProgress (4): 208/810 kB | 195/334 kB | 0.3/2.7 MB | 12/33 kBProgress (4): 211/810 kB | 195/334 kB | 0.3/2.7 MB | 12/33 kBProgress (4): 214/810 kB | 195/334 kB | 0.3/2.7 MB | 12/33 kBProgress (4): 214/810 kB | 195/334 kB | 0.3/2.7 MB | 12/33 kBProgress (4): 217/810 kB | 195/334 kB | 0.3/2.7 MB | 12/33 kBProgress (4): 217/810 kB | 195/334 kB | 0.3/2.7 MB | 12/33 kBProgress (4): 217/810 kB | 197/334 kB | 0.3/2.7 MB | 12/33 kBProgress (4): 217/810 kB | 200/334 kB | 0.3/2.7 MB | 12/33 kBProgress (4): 217/810 kB | 200/334 kB | 0.3/2.7 MB | 16/33 kBProgress (4): 217/810 kB | 200/334 kB | 0.4/2.7 MB | 16/33 kBProgress (4): 217/810 kB | 200/334 kB | 0.4/2.7 MB | 20/33 kBProgress (4): 217/810 kB | 200/334 kB | 0.4/2.7 MB | 25/33 kBProgress (4): 217/810 kB | 203/334 kB | 0.4/2.7 MB | 25/33 kBProgress (4): 219/810 kB | 203/334 kB | 0.4/2.7 MB | 25/33 kBProgress (4): 219/810 kB | 206/334 kB | 0.4/2.7 MB | 25/33 kBProgress (4): 219/810 kB | 206/334 kB | 0.4/2.7 MB | 29/33 kBProgress (4): 219/810 kB | 206/334 kB | 0.4/2.7 MB | 33/33 kBProgress (4): 219/810 kB | 206/334 kB | 0.4/2.7 MB | 33/33 kBProgress (4): 219/810 kB | 206/334 kB | 0.4/2.7 MB | 33 kB   Progress (4): 219/810 kB | 208/334 kB | 0.4/2.7 MB | 33 kBProgress (4): 219/810 kB | 211/334 kB | 0.4/2.7 MB | 33 kBProgress (4): 222/810 kB | 211/334 kB | 0.4/2.7 MB | 33 kBProgress (4): 225/810 kB | 211/334 kB | 0.4/2.7 MB | 33 kBProgress (4): 228/810 kB | 211/334 kB | 0.4/2.7 MB | 33 kBProgress (4): 228/810 kB | 214/334 kB | 0.4/2.7 MB | 33 kBProgress (4): 228/810 kB | 217/334 kB | 0.4/2.7 MB | 33 kBProgress (4): 228/810 kB | 219/334 kB | 0.4/2.7 MB | 33 kBProgress (4): 228/810 kB | 223/334 kB | 0.4/2.7 MB | 33 kBProgress (4): 228/810 kB | 227/334 kB | 0.4/2.7 MB | 33 kBProgress (4): 228/810 kB | 231/334 kB | 0.4/2.7 MB | 33 kBProgress (4): 228/810 kB | 235/334 kB | 0.4/2.7 MB | 33 kBProgress (4): 228/810 kB | 239/334 kB | 0.4/2.7 MB | 33 kBProgress (4): 228/810 kB | 243/334 kB | 0.4/2.7 MB | 33 kBProgress (4): 228/810 kB | 247/334 kB | 0.4/2.7 MB | 33 kBProgress (4): 228/810 kB | 251/334 kB | 0.4/2.7 MB | 33 kBProgress (5): 228/810 kB | 251/334 kB | 0.4/2.7 MB | 33 kB | 2.7/32 kBProgress (5): 228/810 kB | 251/334 kB | 0.4/2.7 MB | 33 kB | 2.7/32 kBProgress (5): 228/810 kB | 251/334 kB | 0.4/2.7 MB | 33 kB | 5.5/32 kBProgress (5): 228/810 kB | 251/334 kB | 0.4/2.7 MB | 33 kB | 8.2/32 kBProgress (5): 228/810 kB | 251/334 kB | 0.4/2.7 MB | 33 kB | 11/32 kB Progress (5): 228/810 kB | 256/334 kB | 0.4/2.7 MB | 33 kB | 11/32 kBProgress (5): 228/810 kB | 260/334 kB | 0.4/2.7 MB | 33 kB | 11/32 kBProgress (5): 228/810 kB | 264/334 kB | 0.4/2.7 MB | 33 kB | 11/32 kBProgress (5): 228/810 kB | 268/334 kB | 0.4/2.7 MB | 33 kB | 11/32 kBProgress (5): 230/810 kB | 268/334 kB | 0.4/2.7 MB | 33 kB | 11/32 kBProgress (5): 230/810 kB | 268/334 kB | 0.4/2.7 MB | 33 kB | 11/32 kBProgress (5): 233/810 kB | 268/334 kB | 0.4/2.7 MB | 33 kB | 11/32 kBProgress (5): 233/810 kB | 272/334 kB | 0.4/2.7 MB | 33 kB | 11/32 kBProgress (5): 233/810 kB | 272/334 kB | 0.4/2.7 MB | 33 kB | 14/32 kBProgress (5): 233/810 kB | 276/334 kB | 0.4/2.7 MB | 33 kB | 14/32 kBProgress (5): 233/810 kB | 280/334 kB | 0.4/2.7 MB | 33 kB | 14/32 kBProgress (5): 233/810 kB | 284/334 kB | 0.4/2.7 MB | 33 kB | 14/32 kBProgress (5): 236/810 kB | 284/334 kB | 0.4/2.7 MB | 33 kB | 14/32 kBProgress (5): 236/810 kB | 284/334 kB | 0.4/2.7 MB | 33 kB | 14/32 kBProgress (5): 239/810 kB | 284/334 kB | 0.4/2.7 MB | 33 kB | 14/32 kBProgress (5): 239/810 kB | 284/334 kB | 0.4/2.7 MB | 33 kB | 16/32 kBProgress (5): 239/810 kB | 284/334 kB | 0.4/2.7 MB | 33 kB | 16/32 kBProgress (5): 241/810 kB | 284/334 kB | 0.4/2.7 MB | 33 kB | 16/32 kBProgress (5): 241/810 kB | 284/334 kB | 0.4/2.7 MB | 33 kB | 19/32 kBProgress (5): 241/810 kB | 284/334 kB | 0.4/2.7 MB | 33 kB | 22/32 kBProgress (5): 241/810 kB | 284/334 kB | 0.4/2.7 MB | 33 kB | 25/32 kBProgress (5): 241/810 kB | 288/334 kB | 0.4/2.7 MB | 33 kB | 25/32 kBProgress (5): 241/810 kB | 288/334 kB | 0.4/2.7 MB | 33 kB | 27/32 kBProgress (5): 241/810 kB | 288/334 kB | 0.5/2.7 MB | 33 kB | 27/32 kBProgress (5): 241/810 kB | 292/334 kB | 0.5/2.7 MB | 33 kB | 27/32 kBProgress (5): 241/810 kB | 297/334 kB | 0.5/2.7 MB | 33 kB | 27/32 kBProgress (5): 241/810 kB | 301/334 kB | 0.5/2.7 MB | 33 kB | 27/32 kBProgress (5): 244/810 kB | 301/334 kB | 0.5/2.7 MB | 33 kB | 27/32 kBProgress (5): 247/810 kB | 301/334 kB | 0.5/2.7 MB | 33 kB | 27/32 kBProgress (5): 250/810 kB | 301/334 kB | 0.5/2.7 MB | 33 kB | 27/32 kBProgress (5): 252/810 kB | 301/334 kB | 0.5/2.7 MB | 33 kB | 27/32 kBProgress (5): 255/810 kB | 301/334 kB | 0.5/2.7 MB | 33 kB | 27/32 kBProgress (5): 258/810 kB | 301/334 kB | 0.5/2.7 MB | 33 kB | 27/32 kBProgress (5): 260/810 kB | 301/334 kB | 0.5/2.7 MB | 33 kB | 27/32 kBProgress (5): 263/810 kB | 301/334 kB | 0.5/2.7 MB | 33 kB | 27/32 kBProgress (5): 266/810 kB | 301/334 kB | 0.5/2.7 MB | 33 kB | 27/32 kBProgress (5): 266/810 kB | 301/334 kB | 0.5/2.7 MB | 33 kB | 27/32 kBProgress (5): 269/810 kB | 301/334 kB | 0.5/2.7 MB | 33 kB | 27/32 kBProgress (5): 271/810 kB | 301/334 kB | 0.5/2.7 MB | 33 kB | 27/32 kBProgress (5): 274/810 kB | 301/334 kB | 0.5/2.7 MB | 33 kB | 27/32 kBProgress (5): 277/810 kB | 301/334 kB | 0.5/2.7 MB | 33 kB | 27/32 kBProgress (5): 280/810 kB | 301/334 kB | 0.5/2.7 MB | 33 kB | 27/32 kBProgress (5): 280/810 kB | 305/334 kB | 0.5/2.7 MB | 33 kB | 27/32 kBProgress (5): 282/810 kB | 305/334 kB | 0.5/2.7 MB | 33 kB | 27/32 kBProgress (5): 282/810 kB | 305/334 kB | 0.5/2.7 MB | 33 kB | 27/32 kBProgress (5): 285/810 kB | 305/334 kB | 0.5/2.7 MB | 33 kB | 27/32 kBProgress (5): 285/810 kB | 309/334 kB | 0.5/2.7 MB | 33 kB | 27/32 kBProgress (5): 285/810 kB | 313/334 kB | 0.5/2.7 MB | 33 kB | 27/32 kBProgress (5): 285/810 kB | 317/334 kB | 0.5/2.7 MB | 33 kB | 27/32 kBProgress (5): 288/810 kB | 317/334 kB | 0.5/2.7 MB | 33 kB | 27/32 kBProgress (5): 288/810 kB | 321/334 kB | 0.5/2.7 MB | 33 kB | 27/32 kBProgress (5): 288/810 kB | 325/334 kB | 0.5/2.7 MB | 33 kB | 27/32 kBProgress (5): 288/810 kB | 325/334 kB | 0.5/2.7 MB | 33 kB | 27/32 kBProgress (5): 291/810 kB | 325/334 kB | 0.5/2.7 MB | 33 kB | 27/32 kBProgress (5): 293/810 kB | 325/334 kB | 0.5/2.7 MB | 33 kB | 27/32 kB                                                                     Downloaded from central: https://repo.maven.apache.org/maven2/com/google/code/findbugs/jsr305/1.3.9/jsr305-1.3.9.jar (33 kB at 42 kB/s)
Downloading from central: https://repo.maven.apache.org/maven2/com/google/errorprone/error_prone_annotations/2.1.3/error_prone_annotations-2.1.3.jar
Progress (4): 296/810 kB | 325/334 kB | 0.5/2.7 MB | 27/32 kBProgress (4): 299/810 kB | 325/334 kB | 0.5/2.7 MB | 27/32 kBProgress (4): 302/810 kB | 325/334 kB | 0.5/2.7 MB | 27/32 kBProgress (4): 304/810 kB | 325/334 kB | 0.5/2.7 MB | 27/32 kBProgress (4): 307/810 kB | 325/334 kB | 0.5/2.7 MB | 27/32 kBProgress (4): 310/810 kB | 325/334 kB | 0.5/2.7 MB | 27/32 kBProgress (4): 310/810 kB | 329/334 kB | 0.5/2.7 MB | 27/32 kBProgress (4): 310/810 kB | 333/334 kB | 0.5/2.7 MB | 27/32 kBProgress (4): 313/810 kB | 333/334 kB | 0.5/2.7 MB | 27/32 kBProgress (4): 313/810 kB | 333/334 kB | 0.5/2.7 MB | 27/32 kBProgress (4): 313/810 kB | 334 kB | 0.5/2.7 MB | 27/32 kB    Progress (4): 313/810 kB | 334 kB | 0.5/2.7 MB | 27/32 kBProgress (4): 313/810 kB | 334 kB | 0.5/2.7 MB | 27/32 kBProgress (4): 313/810 kB | 334 kB | 0.6/2.7 MB | 27/32 kBProgress (4): 313/810 kB | 334 kB | 0.6/2.7 MB | 27/32 kBProgress (4): 315/810 kB | 334 kB | 0.6/2.7 MB | 27/32 kBProgress (4): 315/810 kB | 334 kB | 0.6/2.7 MB | 27/32 kBProgress (4): 318/810 kB | 334 kB | 0.6/2.7 MB | 27/32 kBProgress (4): 318/810 kB | 334 kB | 0.6/2.7 MB | 27/32 kBProgress (4): 321/810 kB | 334 kB | 0.6/2.7 MB | 27/32 kBProgress (4): 321/810 kB | 334 kB | 0.6/2.7 MB | 27/32 kBProgress (4): 324/810 kB | 334 kB | 0.6/2.7 MB | 27/32 kBProgress (4): 324/810 kB | 334 kB | 0.6/2.7 MB | 27/32 kBProgress (4): 326/810 kB | 334 kB | 0.6/2.7 MB | 27/32 kBProgress (4): 326/810 kB | 334 kB | 0.7/2.7 MB | 27/32 kBProgress (4): 329/810 kB | 334 kB | 0.7/2.7 MB | 27/32 kBProgress (4): 329/810 kB | 334 kB | 0.7/2.7 MB | 27/32 kBProgress (4): 332/810 kB | 334 kB | 0.7/2.7 MB | 27/32 kBProgress (4): 332/810 kB | 334 kB | 0.7/2.7 MB | 27/32 kBProgress (4): 335/810 kB | 334 kB | 0.7/2.7 MB | 27/32 kBProgress (4): 337/810 kB | 334 kB | 0.7/2.7 MB | 27/32 kBProgress (4): 340/810 kB | 334 kB | 0.7/2.7 MB | 27/32 kBProgress (4): 340/810 kB | 334 kB | 0.7/2.7 MB | 27/32 kBProgress (4): 340/810 kB | 334 kB | 0.7/2.7 MB | 27/32 kBProgress (4): 343/810 kB | 334 kB | 0.7/2.7 MB | 27/32 kBProgress (4): 345/810 kB | 334 kB | 0.7/2.7 MB | 27/32 kBProgress (4): 345/810 kB | 334 kB | 0.7/2.7 MB | 27/32 kBProgress (4): 348/810 kB | 334 kB | 0.7/2.7 MB | 27/32 kBProgress (4): 348/810 kB | 334 kB | 0.8/2.7 MB | 27/32 kBProgress (4): 351/810 kB | 334 kB | 0.8/2.7 MB | 27/32 kBProgress (4): 354/810 kB | 334 kB | 0.8/2.7 MB | 27/32 kBProgress (4): 354/810 kB | 334 kB | 0.8/2.7 MB | 27/32 kBProgress (4): 356/810 kB | 334 kB | 0.8/2.7 MB | 27/32 kBProgress (5): 356/810 kB | 334 kB | 0.8/2.7 MB | 27/32 kB | 4.1/14 kB                                                                     Downloaded from central: https://repo.maven.apache.org/maven2/org/seleniumhq/selenium/selenium-remote-driver/3.141.59/selenium-remote-driver-3.141.59.jar (334 kB at 407 kB/s)
Downloading from central: https://repo.maven.apache.org/maven2/com/google/j2objc/j2objc-annotations/1.1/j2objc-annotations-1.1.jar
Progress (4): 356/810 kB | 0.8/2.7 MB | 27/32 kB | 4.1/14 kBProgress (4): 356/810 kB | 0.8/2.7 MB | 27/32 kB | 8.2/14 kBProgress (4): 356/810 kB | 0.8/2.7 MB | 27/32 kB | 12/14 kB Progress (4): 356/810 kB | 0.8/2.7 MB | 27/32 kB | 14 kB   Progress (4): 359/810 kB | 0.8/2.7 MB | 27/32 kB | 14 kBProgress (4): 362/810 kB | 0.8/2.7 MB | 27/32 kB | 14 kBProgress (4): 365/810 kB | 0.8/2.7 MB | 27/32 kB | 14 kBProgress (4): 365/810 kB | 0.8/2.7 MB | 27/32 kB | 14 kBProgress (4): 367/810 kB | 0.8/2.7 MB | 27/32 kB | 14 kBProgress (4): 367/810 kB | 0.8/2.7 MB | 27/32 kB | 14 kBProgress (4): 370/810 kB | 0.8/2.7 MB | 27/32 kB | 14 kBProgress (4): 373/810 kB | 0.8/2.7 MB | 27/32 kB | 14 kBProgress (4): 373/810 kB | 0.8/2.7 MB | 27/32 kB | 14 kBProgress (4): 376/810 kB | 0.8/2.7 MB | 27/32 kB | 14 kBProgress (4): 378/810 kB | 0.8/2.7 MB | 27/32 kB | 14 kBProgress (4): 378/810 kB | 0.9/2.7 MB | 27/32 kB | 14 kBProgress (4): 381/810 kB | 0.9/2.7 MB | 27/32 kB | 14 kBProgress (4): 384/810 kB | 0.9/2.7 MB | 27/32 kB | 14 kBProgress (4): 384/810 kB | 0.9/2.7 MB | 27/32 kB | 14 kBProgress (4): 387/810 kB | 0.9/2.7 MB | 27/32 kB | 14 kBProgress (4): 389/810 kB | 0.9/2.7 MB | 27/32 kB | 14 kBProgress (4): 389/810 kB | 0.9/2.7 MB | 27/32 kB | 14 kBProgress (4): 392/810 kB | 0.9/2.7 MB | 27/32 kB | 14 kBProgress (4): 395/810 kB | 0.9/2.7 MB | 27/32 kB | 14 kBProgress (4): 395/810 kB | 0.9/2.7 MB | 27/32 kB | 14 kBProgress (4): 398/810 kB | 0.9/2.7 MB | 27/32 kB | 14 kBProgress (4): 400/810 kB | 0.9/2.7 MB | 27/32 kB | 14 kBProgress (4): 400/810 kB | 0.9/2.7 MB | 27/32 kB | 14 kBProgress (4): 403/810 kB | 0.9/2.7 MB | 27/32 kB | 14 kBProgress (4): 406/810 kB | 0.9/2.7 MB | 27/32 kB | 14 kBProgress (4): 406/810 kB | 0.9/2.7 MB | 27/32 kB | 14 kBProgress (4): 409/810 kB | 0.9/2.7 MB | 27/32 kB | 14 kBProgress (5): 409/810 kB | 0.9/2.7 MB | 27/32 kB | 14 kB | 4.1/8.8 kBProgress (5): 409/810 kB | 0.9/2.7 MB | 27/32 kB | 14 kB | 8.2/8.8 kBProgress (5): 409/810 kB | 0.9/2.7 MB | 27/32 kB | 14 kB | 8.8 kB    Progress (5): 409/810 kB | 1.0/2.7 MB | 27/32 kB | 14 kB | 8.8 kBProgress (5): 409/810 kB | 1.0/2.7 MB | 27/32 kB | 14 kB | 8.8 kBProgress (5): 409/810 kB | 1.0/2.7 MB | 27/32 kB | 14 kB | 8.8 kBProgress (5): 411/810 kB | 1.0/2.7 MB | 27/32 kB | 14 kB | 8.8 kBProgress (5): 411/810 kB | 1.0/2.7 MB | 27/32 kB | 14 kB | 8.8 kBProgress (5): 414/810 kB | 1.0/2.7 MB | 27/32 kB | 14 kB | 8.8 kBProgress (5): 417/810 kB | 1.0/2.7 MB | 27/32 kB | 14 kB | 8.8 kBProgress (5): 420/810 kB | 1.0/2.7 MB | 27/32 kB | 14 kB | 8.8 kBProgress (5): 422/810 kB | 1.0/2.7 MB | 27/32 kB | 14 kB | 8.8 kBProgress (5): 425/810 kB | 1.0/2.7 MB | 27/32 kB | 14 kB | 8.8 kB                                                                 Downloaded from central: https://repo.maven.apache.org/maven2/com/google/errorprone/error_prone_annotations/2.1.3/error_prone_annotations-2.1.3.jar (14 kB at 16 kB/s)
Downloading from central: https://repo.maven.apache.org/maven2/org/codehaus/mojo/animal-sniffer-annotations/1.14/animal-sniffer-annotations-1.14.jar
Progress (4): 428/810 kB | 1.0/2.7 MB | 27/32 kB | 8.8 kBProgress (4): 428/810 kB | 1.0/2.7 MB | 27/32 kB | 8.8 kBProgress (4): 430/810 kB | 1.0/2.7 MB | 27/32 kB | 8.8 kBProgress (4): 433/810 kB | 1.0/2.7 MB | 27/32 kB | 8.8 kBProgress (4): 433/810 kB | 1.0/2.7 MB | 27/32 kB | 8.8 kBProgress (4): 436/810 kB | 1.0/2.7 MB | 27/32 kB | 8.8 kBProgress (4): 439/810 kB | 1.0/2.7 MB | 27/32 kB | 8.8 kBProgress (4): 441/810 kB | 1.0/2.7 MB | 27/32 kB | 8.8 kBProgress (4): 444/810 kB | 1.0/2.7 MB | 27/32 kB | 8.8 kBProgress (4): 444/810 kB | 1.1/2.7 MB | 27/32 kB | 8.8 kBProgress (4): 447/810 kB | 1.1/2.7 MB | 27/32 kB | 8.8 kBProgress (4): 450/810 kB | 1.1/2.7 MB | 27/32 kB | 8.8 kBProgress (4): 452/810 kB | 1.1/2.7 MB | 27/32 kB | 8.8 kBProgress (4): 452/810 kB | 1.1/2.7 MB | 27/32 kB | 8.8 kB                                                         Downloaded from central: https://repo.maven.apache.org/maven2/com/google/j2objc/j2objc-annotations/1.1/j2objc-annotations-1.1.jar (8.8 kB at 10 kB/s)
Downloading from central: https://repo.maven.apache.org/maven2/com/squareup/okhttp3/okhttp/3.14.6/okhttp-3.14.6.jar
Progress (3): 455/810 kB | 1.1/2.7 MB | 27/32 kBProgress (3): 458/810 kB | 1.1/2.7 MB | 27/32 kBProgress (3): 461/810 kB | 1.1/2.7 MB | 27/32 kBProgress (3): 463/810 kB | 1.1/2.7 MB | 27/32 kBProgress (3): 466/810 kB | 1.1/2.7 MB | 27/32 kBProgress (3): 466/810 kB | 1.1/2.7 MB | 27/32 kBProgress (3): 469/810 kB | 1.1/2.7 MB | 27/32 kBProgress (3): 472/810 kB | 1.1/2.7 MB | 27/32 kBProgress (3): 472/810 kB | 1.1/2.7 MB | 27/32 kBProgress (3): 474/810 kB | 1.1/2.7 MB | 27/32 kBProgress (3): 474/810 kB | 1.1/2.7 MB | 27/32 kBProgress (3): 478/810 kB | 1.1/2.7 MB | 27/32 kBProgress (3): 483/810 kB | 1.1/2.7 MB | 27/32 kBProgress (4): 483/810 kB | 1.1/2.7 MB | 27/32 kB | 3.5 kBProgress (4): 487/810 kB | 1.1/2.7 MB | 27/32 kB | 3.5 kBProgress (4): 491/810 kB | 1.1/2.7 MB | 27/32 kB | 3.5 kBProgress (4): 491/810 kB | 1.1/2.7 MB | 27/32 kB | 3.5 kBProgress (4): 495/810 kB | 1.1/2.7 MB | 27/32 kB | 3.5 kBProgress (4): 499/810 kB | 1.1/2.7 MB | 27/32 kB | 3.5 kBProgress (4): 503/810 kB | 1.1/2.7 MB | 27/32 kB | 3.5 kBProgress (4): 507/810 kB | 1.1/2.7 MB | 27/32 kB | 3.5 kBProgress (4): 507/810 kB | 1.1/2.7 MB | 27/32 kB | 3.5 kBProgress (4): 511/810 kB | 1.1/2.7 MB | 27/32 kB | 3.5 kBProgress (4): 515/810 kB | 1.1/2.7 MB | 27/32 kB | 3.5 kBProgress (4): 519/810 kB | 1.1/2.7 MB | 27/32 kB | 3.5 kBProgress (4): 524/810 kB | 1.1/2.7 MB | 27/32 kB | 3.5 kBProgress (4): 528/810 kB | 1.1/2.7 MB | 27/32 kB | 3.5 kBProgress (4): 532/810 kB | 1.1/2.7 MB | 27/32 kB | 3.5 kBProgress (4): 532/810 kB | 1.2/2.7 MB | 27/32 kB | 3.5 kBProgress (4): 536/810 kB | 1.2/2.7 MB | 27/32 kB | 3.5 kBProgress (4): 540/810 kB | 1.2/2.7 MB | 27/32 kB | 3.5 kBProgress (4): 544/810 kB | 1.2/2.7 MB | 27/32 kB | 3.5 kBProgress (4): 548/810 kB | 1.2/2.7 MB | 27/32 kB | 3.5 kBProgress (4): 552/810 kB | 1.2/2.7 MB | 27/32 kB | 3.5 kBProgress (4): 556/810 kB | 1.2/2.7 MB | 27/32 kB | 3.5 kBProgress (4): 556/810 kB | 1.2/2.7 MB | 27/32 kB | 3.5 kBProgress (5): 556/810 kB | 1.2/2.7 MB | 27/32 kB | 3.5 kB | 4.1/428 kBProgress (5): 560/810 kB | 1.2/2.7 MB | 27/32 kB | 3.5 kB | 4.1/428 kBProgress (5): 564/810 kB | 1.2/2.7 MB | 27/32 kB | 3.5 kB | 4.1/428 kB                                                                      Downloaded from central: https://repo.maven.apache.org/maven2/org/codehaus/mojo/animal-sniffer-annotations/1.14/animal-sniffer-annotations-1.14.jar (3.5 kB at 3.8 kB/s)
Downloading from central: https://repo.maven.apache.org/maven2/com/squareup/okio/okio/1.14.0/okio-1.14.0.jar
Progress (4): 569/810 kB | 1.2/2.7 MB | 27/32 kB | 4.1/428 kBProgress (4): 573/810 kB | 1.2/2.7 MB | 27/32 kB | 4.1/428 kBProgress (4): 573/810 kB | 1.2/2.7 MB | 27/32 kB | 4.1/428 kBProgress (4): 573/810 kB | 1.2/2.7 MB | 27/32 kB | 4.1/428 kBProgress (4): 573/810 kB | 1.2/2.7 MB | 27/32 kB | 8.2/428 kBProgress (4): 573/810 kB | 1.2/2.7 MB | 27/32 kB | 12/428 kB Progress (4): 573/810 kB | 1.2/2.7 MB | 27/32 kB | 16/428 kBProgress (4): 577/810 kB | 1.2/2.7 MB | 27/32 kB | 16/428 kBProgress (4): 577/810 kB | 1.2/2.7 MB | 27/32 kB | 20/428 kBProgress (4): 577/810 kB | 1.2/2.7 MB | 27/32 kB | 25/428 kBProgress (4): 577/810 kB | 1.2/2.7 MB | 27/32 kB | 29/428 kBProgress (4): 577/810 kB | 1.2/2.7 MB | 27/32 kB | 33/428 kBProgress (4): 577/810 kB | 1.2/2.7 MB | 27/32 kB | 37/428 kBProgress (4): 581/810 kB | 1.2/2.7 MB | 27/32 kB | 37/428 kBProgress (4): 585/810 kB | 1.2/2.7 MB | 27/32 kB | 37/428 kBProgress (4): 589/810 kB | 1.2/2.7 MB | 27/32 kB | 37/428 kBProgress (4): 593/810 kB | 1.2/2.7 MB | 27/32 kB | 37/428 kBProgress (4): 597/810 kB | 1.2/2.7 MB | 27/32 kB | 37/428 kBProgress (4): 601/810 kB | 1.2/2.7 MB | 27/32 kB | 37/428 kBProgress (4): 605/810 kB | 1.2/2.7 MB | 27/32 kB | 37/428 kBProgress (4): 605/810 kB | 1.2/2.7 MB | 27/32 kB | 37/428 kBProgress (4): 605/810 kB | 1.2/2.7 MB | 27/32 kB | 37/428 kBProgress (5): 605/810 kB | 1.2/2.7 MB | 27/32 kB | 37/428 kB | 4.1/86 kBProgress (5): 605/810 kB | 1.2/2.7 MB | 27/32 kB | 37/428 kB | 8.2/86 kBProgress (5): 605/810 kB | 1.2/2.7 MB | 27/32 kB | 37/428 kB | 12/86 kB Progress (5): 605/810 kB | 1.2/2.7 MB | 27/32 kB | 37/428 kB | 16/86 kBProgress (5): 605/810 kB | 1.2/2.7 MB | 27/32 kB | 37/428 kB | 20/86 kBProgress (5): 605/810 kB | 1.2/2.7 MB | 27/32 kB | 37/428 kB | 25/86 kBProgress (5): 605/810 kB | 1.2/2.7 MB | 27/32 kB | 37/428 kB | 29/86 kBProgress (5): 605/810 kB | 1.2/2.7 MB | 27/32 kB | 37/428 kB | 33/86 kBProgress (5): 605/810 kB | 1.2/2.7 MB | 27/32 kB | 37/428 kB | 37/86 kBProgress (5): 605/810 kB | 1.2/2.7 MB | 27/32 kB | 37/428 kB | 41/86 kBProgress (5): 605/810 kB | 1.2/2.7 MB | 27/32 kB | 37/428 kB | 45/86 kBProgress (5): 605/810 kB | 1.2/2.7 MB | 27/32 kB | 37/428 kB | 49/86 kBProgress (5): 605/810 kB | 1.2/2.7 MB | 27/32 kB | 37/428 kB | 53/86 kBProgress (5): 605/810 kB | 1.2/2.7 MB | 27/32 kB | 37/428 kB | 57/86 kBProgress (5): 605/810 kB | 1.2/2.7 MB | 27/32 kB | 37/428 kB | 61/86 kBProgress (5): 605/810 kB | 1.2/2.7 MB | 27/32 kB | 37/428 kB | 66/86 kBProgress (5): 605/810 kB | 1.2/2.7 MB | 27/32 kB | 37/428 kB | 70/86 kBProgress (5): 605/810 kB | 1.2/2.7 MB | 27/32 kB | 37/428 kB | 74/86 kBProgress (5): 605/810 kB | 1.2/2.7 MB | 27/32 kB | 37/428 kB | 78/86 kBProgress (5): 605/810 kB | 1.2/2.7 MB | 27/32 kB | 37/428 kB | 82/86 kBProgress (5): 605/810 kB | 1.2/2.7 MB | 27/32 kB | 37/428 kB | 86 kB   Progress (5): 605/810 kB | 1.2/2.7 MB | 27/32 kB | 41/428 kB | 86 kBProgress (5): 610/810 kB | 1.2/2.7 MB | 27/32 kB | 41/428 kB | 86 kBProgress (5): 614/810 kB | 1.2/2.7 MB | 27/32 kB | 41/428 kB | 86 kBProgress (5): 618/810 kB | 1.2/2.7 MB | 27/32 kB | 41/428 kB | 86 kBProgress (5): 622/810 kB | 1.2/2.7 MB | 27/32 kB | 41/428 kB | 86 kBProgress (5): 626/810 kB | 1.2/2.7 MB | 27/32 kB | 41/428 kB | 86 kBProgress (5): 630/810 kB | 1.2/2.7 MB | 27/32 kB | 41/428 kB | 86 kBProgress (5): 634/810 kB | 1.2/2.7 MB | 27/32 kB | 41/428 kB | 86 kBProgress (5): 638/810 kB | 1.2/2.7 MB | 27/32 kB | 41/428 kB | 86 kBProgress (5): 642/810 kB | 1.2/2.7 MB | 27/32 kB | 41/428 kB | 86 kBProgress (5): 646/810 kB | 1.2/2.7 MB | 27/32 kB | 41/428 kB | 86 kBProgress (5): 650/810 kB | 1.2/2.7 MB | 27/32 kB | 41/428 kB | 86 kBProgress (5): 650/810 kB | 1.3/2.7 MB | 27/32 kB | 41/428 kB | 86 kBProgress (5): 650/810 kB | 1.3/2.7 MB | 27/32 kB | 45/428 kB | 86 kBProgress (5): 650/810 kB | 1.3/2.7 MB | 27/32 kB | 49/428 kB | 86 kBProgress (5): 650/810 kB | 1.3/2.7 MB | 27/32 kB | 49/428 kB | 86 kBProgress (5): 650/810 kB | 1.3/2.7 MB | 27/32 kB | 49/428 kB | 86 kBProgress (5): 650/810 kB | 1.3/2.7 MB | 27/32 kB | 49/428 kB | 86 kBProgress (5): 650/810 kB | 1.3/2.7 MB | 27/32 kB | 53/428 kB | 86 kBProgress (5): 650/810 kB | 1.3/2.7 MB | 27/32 kB | 57/428 kB | 86 kBProgress (5): 650/810 kB | 1.3/2.7 MB | 27/32 kB | 61/428 kB | 86 kBProgress (5): 650/810 kB | 1.3/2.7 MB | 27/32 kB | 66/428 kB | 86 kBProgress (5): 655/810 kB | 1.3/2.7 MB | 27/32 kB | 66/428 kB | 86 kBProgress (5): 659/810 kB | 1.3/2.7 MB | 27/32 kB | 66/428 kB | 86 kBProgress (5): 663/810 kB | 1.3/2.7 MB | 27/32 kB | 66/428 kB | 86 kBProgress (5): 667/810 kB | 1.3/2.7 MB | 27/32 kB | 66/428 kB | 86 kBProgress (5): 671/810 kB | 1.3/2.7 MB | 27/32 kB | 66/428 kB | 86 kBProgress (5): 675/810 kB | 1.3/2.7 MB | 27/32 kB | 66/428 kB | 86 kBProgress (5): 679/810 kB | 1.3/2.7 MB | 27/32 kB | 66/428 kB | 86 kBProgress (5): 683/810 kB | 1.3/2.7 MB | 27/32 kB | 66/428 kB | 86 kBProgress (5): 687/810 kB | 1.3/2.7 MB | 27/32 kB | 66/428 kB | 86 kBProgress (5): 687/810 kB | 1.3/2.7 MB | 27/32 kB | 70/428 kB | 86 kBProgress (5): 687/810 kB | 1.3/2.7 MB | 27/32 kB | 74/428 kB | 86 kBProgress (5): 687/810 kB | 1.3/2.7 MB | 27/32 kB | 78/428 kB | 86 kBProgress (5): 687/810 kB | 1.3/2.7 MB | 27/32 kB | 82/428 kB | 86 kBProgress (5): 687/810 kB | 1.3/2.7 MB | 27/32 kB | 86/428 kB | 86 kBProgress (5): 687/810 kB | 1.3/2.7 MB | 27/32 kB | 90/428 kB | 86 kBProgress (5): 687/810 kB | 1.3/2.7 MB | 27/32 kB | 94/428 kB | 86 kBProgress (5): 687/810 kB | 1.3/2.7 MB | 27/32 kB | 98/428 kB | 86 kBProgress (5): 687/810 kB | 1.3/2.7 MB | 27/32 kB | 102/428 kB | 86 kBProgress (5): 687/810 kB | 1.3/2.7 MB | 27/32 kB | 106/428 kB | 86 kBProgress (5): 687/810 kB | 1.3/2.7 MB | 27/32 kB | 111/428 kB | 86 kBProgress (5): 687/810 kB | 1.3/2.7 MB | 27/32 kB | 115/428 kB | 86 kBProgress (5): 687/810 kB | 1.3/2.7 MB | 27/32 kB | 119/428 kB | 86 kBProgress (5): 687/810 kB | 1.3/2.7 MB | 27/32 kB | 123/428 kB | 86 kBProgress (5): 687/810 kB | 1.3/2.7 MB | 27/32 kB | 127/428 kB | 86 kBProgress (5): 687/810 kB | 1.3/2.7 MB | 27/32 kB | 131/428 kB | 86 kBProgress (5): 687/810 kB | 1.3/2.7 MB | 27/32 kB | 135/428 kB | 86 kBProgress (5): 687/810 kB | 1.3/2.7 MB | 27/32 kB | 139/428 kB | 86 kBProgress (5): 687/810 kB | 1.3/2.7 MB | 27/32 kB | 143/428 kB | 86 kBProgress (5): 687/810 kB | 1.3/2.7 MB | 27/32 kB | 143/428 kB | 86 kBProgress (5): 687/810 kB | 1.3/2.7 MB | 27/32 kB | 147/428 kB | 86 kBProgress (5): 691/810 kB | 1.3/2.7 MB | 27/32 kB | 147/428 kB | 86 kBProgress (5): 694/810 kB | 1.3/2.7 MB | 27/32 kB | 147/428 kB | 86 kB                                                                     Downloaded from central: https://repo.maven.apache.org/maven2/com/squareup/okio/okio/1.14.0/okio-1.14.0.jar (86 kB at 86 kB/s)
Progress (4): 698/810 kB | 1.3/2.7 MB | 27/32 kB | 147/428 kBProgress (4): 702/810 kB | 1.3/2.7 MB | 27/32 kB | 147/428 kBProgress (4): 702/810 kB | 1.3/2.7 MB | 27/32 kB | 147/428 kBProgress (4): 706/810 kB | 1.3/2.7 MB | 27/32 kB | 147/428 kBProgress (4): 710/810 kB | 1.3/2.7 MB | 27/32 kB | 147/428 kBProgress (4): 710/810 kB | 1.3/2.7 MB | 27/32 kB | 152/428 kBProgress (4): 710/810 kB | 1.4/2.7 MB | 27/32 kB | 152/428 kBProgress (4): 714/810 kB | 1.4/2.7 MB | 27/32 kB | 152/428 kBProgress (4): 718/810 kB | 1.4/2.7 MB | 27/32 kB | 152/428 kBProgress (4): 722/810 kB | 1.4/2.7 MB | 27/32 kB | 152/428 kBProgress (4): 727/810 kB | 1.4/2.7 MB | 27/32 kB | 152/428 kBProgress (4): 727/810 kB | 1.4/2.7 MB | 27/32 kB | 152/428 kBProgress (4): 727/810 kB | 1.4/2.7 MB | 27/32 kB | 156/428 kBProgress (4): 731/810 kB | 1.4/2.7 MB | 27/32 kB | 156/428 kBProgress (4): 735/810 kB | 1.4/2.7 MB | 27/32 kB | 156/428 kBProgress (4): 739/810 kB | 1.4/2.7 MB | 27/32 kB | 156/428 kBProgress (4): 743/810 kB | 1.4/2.7 MB | 27/32 kB | 156/428 kBProgress (4): 743/810 kB | 1.4/2.7 MB | 27/32 kB | 156/428 kBProgress (4): 743/810 kB | 1.4/2.7 MB | 27/32 kB | 160/428 kBProgress (4): 743/810 kB | 1.4/2.7 MB | 27/32 kB | 164/428 kBProgress (4): 743/810 kB | 1.4/2.7 MB | 27/32 kB | 164/428 kBProgress (4): 747/810 kB | 1.4/2.7 MB | 27/32 kB | 164/428 kBProgress (4): 751/810 kB | 1.4/2.7 MB | 27/32 kB | 164/428 kBProgress (4): 755/810 kB | 1.4/2.7 MB | 27/32 kB | 164/428 kBProgress (4): 759/810 kB | 1.4/2.7 MB | 27/32 kB | 164/428 kBProgress (4): 763/810 kB | 1.4/2.7 MB | 27/32 kB | 164/428 kBProgress (4): 768/810 kB | 1.4/2.7 MB | 27/32 kB | 164/428 kBProgress (4): 772/810 kB | 1.4/2.7 MB | 27/32 kB | 164/428 kBProgress (4): 776/810 kB | 1.4/2.7 MB | 27/32 kB | 164/428 kBProgress (4): 780/810 kB | 1.4/2.7 MB | 27/32 kB | 164/428 kBProgress (4): 784/810 kB | 1.4/2.7 MB | 27/32 kB | 164/428 kBProgress (4): 788/810 kB | 1.4/2.7 MB | 27/32 kB | 164/428 kBProgress (4): 792/810 kB | 1.4/2.7 MB | 27/32 kB | 164/428 kBProgress (4): 792/810 kB | 1.4/2.7 MB | 27/32 kB | 168/428 kBProgress (4): 792/810 kB | 1.4/2.7 MB | 27/32 kB | 172/428 kBProgress (4): 792/810 kB | 1.4/2.7 MB | 27/32 kB | 176/428 kBProgress (4): 792/810 kB | 1.4/2.7 MB | 27/32 kB | 180/428 kBProgress (4): 792/810 kB | 1.4/2.7 MB | 27/32 kB | 180/428 kBProgress (4): 792/810 kB | 1.4/2.7 MB | 27/32 kB | 184/428 kBProgress (4): 792/810 kB | 1.4/2.7 MB | 27/32 kB | 188/428 kBProgress (4): 792/810 kB | 1.4/2.7 MB | 27/32 kB | 193/428 kBProgress (4): 792/810 kB | 1.4/2.7 MB | 27/32 kB | 197/428 kBProgress (4): 792/810 kB | 1.4/2.7 MB | 27/32 kB | 197/428 kBProgress (4): 792/810 kB | 1.4/2.7 MB | 27/32 kB | 201/428 kBProgress (4): 792/810 kB | 1.4/2.7 MB | 27/32 kB | 205/428 kBProgress (4): 792/810 kB | 1.4/2.7 MB | 27/32 kB | 209/428 kBProgress (4): 792/810 kB | 1.5/2.7 MB | 27/32 kB | 209/428 kBProgress (4): 792/810 kB | 1.5/2.7 MB | 27/32 kB | 213/428 kBProgress (4): 792/810 kB | 1.5/2.7 MB | 27/32 kB | 213/428 kBProgress (4): 792/810 kB | 1.5/2.7 MB | 27/32 kB | 217/428 kBProgress (4): 792/810 kB | 1.5/2.7 MB | 27/32 kB | 221/428 kBProgress (4): 792/810 kB | 1.5/2.7 MB | 27/32 kB | 225/428 kBProgress (4): 792/810 kB | 1.5/2.7 MB | 27/32 kB | 229/428 kBProgress (4): 792/810 kB | 1.5/2.7 MB | 27/32 kB | 229/428 kBProgress (4): 792/810 kB | 1.5/2.7 MB | 27/32 kB | 233/428 kBProgress (4): 792/810 kB | 1.5/2.7 MB | 27/32 kB | 238/428 kBProgress (4): 792/810 kB | 1.5/2.7 MB | 27/32 kB | 242/428 kBProgress (4): 792/810 kB | 1.5/2.7 MB | 27/32 kB | 242/428 kBProgress (4): 792/810 kB | 1.5/2.7 MB | 27/32 kB | 246/428 kBProgress (4): 792/810 kB | 1.5/2.7 MB | 27/32 kB | 246/428 kBProgress (4): 792/810 kB | 1.5/2.7 MB | 27/32 kB | 246/428 kBProgress (4): 792/810 kB | 1.5/2.7 MB | 27/32 kB | 250/428 kBProgress (4): 792/810 kB | 1.5/2.7 MB | 27/32 kB | 254/428 kBProgress (4): 792/810 kB | 1.5/2.7 MB | 27/32 kB | 258/428 kBProgress (4): 792/810 kB | 1.5/2.7 MB | 27/32 kB | 262/428 kBProgress (4): 792/810 kB | 1.6/2.7 MB | 27/32 kB | 262/428 kBProgress (4): 792/810 kB | 1.6/2.7 MB | 27/32 kB | 266/428 kBProgress (4): 792/810 kB | 1.6/2.7 MB | 27/32 kB | 270/428 kBProgress (4): 792/810 kB | 1.6/2.7 MB | 27/32 kB | 274/428 kBProgress (4): 792/810 kB | 1.6/2.7 MB | 27/32 kB | 279/428 kBProgress (4): 792/810 kB | 1.6/2.7 MB | 27/32 kB | 279/428 kBProgress (4): 792/810 kB | 1.6/2.7 MB | 27/32 kB | 283/428 kBProgress (4): 792/810 kB | 1.6/2.7 MB | 27/32 kB | 287/428 kBProgress (4): 792/810 kB | 1.6/2.7 MB | 27/32 kB | 291/428 kBProgress (4): 792/810 kB | 1.6/2.7 MB | 27/32 kB | 295/428 kBProgress (4): 792/810 kB | 1.6/2.7 MB | 27/32 kB | 295/428 kBProgress (4): 792/810 kB | 1.6/2.7 MB | 27/32 kB | 299/428 kBProgress (4): 792/810 kB | 1.6/2.7 MB | 27/32 kB | 303/428 kBProgress (4): 792/810 kB | 1.6/2.7 MB | 27/32 kB | 307/428 kBProgress (4): 792/810 kB | 1.6/2.7 MB | 27/32 kB | 307/428 kBProgress (4): 792/810 kB | 1.6/2.7 MB | 27/32 kB | 307/428 kBProgress (4): 792/810 kB | 1.6/2.7 MB | 27/32 kB | 307/428 kBProgress (4): 792/810 kB | 1.6/2.7 MB | 27/32 kB | 311/428 kBProgress (4): 792/810 kB | 1.6/2.7 MB | 27/32 kB | 315/428 kBProgress (4): 792/810 kB | 1.6/2.7 MB | 27/32 kB | 319/428 kBProgress (4): 792/810 kB | 1.6/2.7 MB | 27/32 kB | 324/428 kBProgress (4): 792/810 kB | 1.6/2.7 MB | 27/32 kB | 328/428 kBProgress (4): 792/810 kB | 1.7/2.7 MB | 27/32 kB | 328/428 kBProgress (4): 792/810 kB | 1.7/2.7 MB | 27/32 kB | 332/428 kBProgress (4): 792/810 kB | 1.7/2.7 MB | 27/32 kB | 332/428 kBProgress (4): 792/810 kB | 1.7/2.7 MB | 27/32 kB | 336/428 kBProgress (4): 792/810 kB | 1.7/2.7 MB | 27/32 kB | 340/428 kBProgress (4): 792/810 kB | 1.7/2.7 MB | 27/32 kB | 340/428 kBProgress (4): 792/810 kB | 1.7/2.7 MB | 27/32 kB | 344/428 kBProgress (4): 792/810 kB | 1.7/2.7 MB | 27/32 kB | 344/428 kBProgress (4): 792/810 kB | 1.7/2.7 MB | 27/32 kB | 348/428 kBProgress (4): 792/810 kB | 1.7/2.7 MB | 27/32 kB | 348/428 kBProgress (4): 792/810 kB | 1.7/2.7 MB | 27/32 kB | 352/428 kBProgress (4): 792/810 kB | 1.7/2.7 MB | 27/32 kB | 356/428 kBProgress (4): 792/810 kB | 1.7/2.7 MB | 27/32 kB | 356/428 kBProgress (4): 792/810 kB | 1.7/2.7 MB | 27/32 kB | 360/428 kBProgress (4): 792/810 kB | 1.8/2.7 MB | 27/32 kB | 360/428 kBProgress (4): 792/810 kB | 1.8/2.7 MB | 27/32 kB | 360/428 kBProgress (4): 792/810 kB | 1.8/2.7 MB | 27/32 kB | 365/428 kBProgress (4): 792/810 kB | 1.8/2.7 MB | 27/32 kB | 369/428 kBProgress (4): 792/810 kB | 1.8/2.7 MB | 27/32 kB | 373/428 kBProgress (4): 792/810 kB | 1.8/2.7 MB | 27/32 kB | 377/428 kBProgress (4): 792/810 kB | 1.8/2.7 MB | 27/32 kB | 377/428 kBProgress (4): 792/810 kB | 1.8/2.7 MB | 27/32 kB | 381/428 kBProgress (4): 792/810 kB | 1.8/2.7 MB | 27/32 kB | 385/428 kBProgress (4): 792/810 kB | 1.8/2.7 MB | 27/32 kB | 389/428 kBProgress (4): 792/810 kB | 1.8/2.7 MB | 27/32 kB | 393/428 kBProgress (4): 792/810 kB | 1.8/2.7 MB | 27/32 kB | 393/428 kBProgress (4): 792/810 kB | 1.8/2.7 MB | 27/32 kB | 393/428 kBProgress (4): 792/810 kB | 1.8/2.7 MB | 27/32 kB | 397/428 kBProgress (4): 792/810 kB | 1.8/2.7 MB | 27/32 kB | 401/428 kBProgress (4): 792/810 kB | 1.8/2.7 MB | 27/32 kB | 406/428 kBProgress (4): 792/810 kB | 1.8/2.7 MB | 27/32 kB | 410/428 kBProgress (4): 792/810 kB | 1.8/2.7 MB | 27/32 kB | 410/428 kBProgress (4): 792/810 kB | 1.8/2.7 MB | 27/32 kB | 414/428 kBProgress (4): 792/810 kB | 1.8/2.7 MB | 27/32 kB | 418/428 kBProgress (4): 792/810 kB | 1.8/2.7 MB | 27/32 kB | 422/428 kBProgress (4): 792/810 kB | 1.8/2.7 MB | 27/32 kB | 426/428 kBProgress (4): 792/810 kB | 1.9/2.7 MB | 27/32 kB | 426/428 kBProgress (4): 792/810 kB | 1.9/2.7 MB | 27/32 kB | 428 kB    Progress (4): 792/810 kB | 1.9/2.7 MB | 27/32 kB | 428 kBProgress (4): 792/810 kB | 1.9/2.7 MB | 27/32 kB | 428 kBProgress (4): 792/810 kB | 1.9/2.7 MB | 27/32 kB | 428 kBProgress (4): 792/810 kB | 1.9/2.7 MB | 27/32 kB | 428 kBProgress (4): 792/810 kB | 1.9/2.7 MB | 27/32 kB | 428 kBProgress (4): 796/810 kB | 1.9/2.7 MB | 27/32 kB | 428 kBProgress (4): 800/810 kB | 1.9/2.7 MB | 27/32 kB | 428 kBProgress (4): 804/810 kB | 1.9/2.7 MB | 27/32 kB | 428 kBProgress (4): 804/810 kB | 1.9/2.7 MB | 27/32 kB | 428 kBProgress (4): 808/810 kB | 1.9/2.7 MB | 27/32 kB | 428 kBProgress (4): 810 kB | 1.9/2.7 MB | 27/32 kB | 428 kB    Progress (4): 810 kB | 2.0/2.7 MB | 27/32 kB | 428 kBProgress (4): 810 kB | 2.0/2.7 MB | 27/32 kB | 428 kBProgress (4): 810 kB | 2.0/2.7 MB | 27/32 kB | 428 kBProgress (4): 810 kB | 2.0/2.7 MB | 27/32 kB | 428 kBProgress (4): 810 kB | 2.0/2.7 MB | 27/32 kB | 428 kBProgress (4): 810 kB | 2.0/2.7 MB | 27/32 kB | 428 kBProgress (4): 810 kB | 2.1/2.7 MB | 27/32 kB | 428 kBProgress (4): 810 kB | 2.1/2.7 MB | 27/32 kB | 428 kBProgress (4): 810 kB | 2.1/2.7 MB | 27/32 kB | 428 kBProgress (4): 810 kB | 2.1/2.7 MB | 27/32 kB | 428 kBProgress (4): 810 kB | 2.1/2.7 MB | 27/32 kB | 428 kBProgress (4): 810 kB | 2.1/2.7 MB | 27/32 kB | 428 kBProgress (4): 810 kB | 2.2/2.7 MB | 27/32 kB | 428 kBProgress (4): 810 kB | 2.2/2.7 MB | 27/32 kB | 428 kB                                                     Downloaded from central: https://repo.maven.apache.org/maven2/com/squareup/okhttp3/okhttp/3.14.6/okhttp-3.14.6.jar (428 kB at 365 kB/s)
Progress (3): 810 kB | 2.2/2.7 MB | 27/32 kBProgress (3): 810 kB | 2.2/2.7 MB | 27/32 kB                                            Downloaded from central: https://repo.maven.apache.org/maven2/org/seleniumhq/selenium/selenium-firefox-driver/3.141.59/selenium-firefox-driver-3.141.59.jar (810 kB at 689 kB/s)
Progress (2): 2.2/2.7 MB | 27/32 kBProgress (2): 2.2/2.7 MB | 27/32 kBProgress (2): 2.3/2.7 MB | 27/32 kBProgress (2): 2.3/2.7 MB | 27/32 kBProgress (2): 2.3/2.7 MB | 27/32 kBProgress (2): 2.3/2.7 MB | 27/32 kBProgress (2): 2.3/2.7 MB | 27/32 kBProgress (2): 2.3/2.7 MB | 27/32 kBProgress (2): 2.4/2.7 MB | 27/32 kBProgress (2): 2.4/2.7 MB | 27/32 kBProgress (2): 2.4/2.7 MB | 27/32 kBProgress (2): 2.4/2.7 MB | 27/32 kBProgress (2): 2.4/2.7 MB | 27/32 kBProgress (2): 2.4/2.7 MB | 27/32 kBProgress (2): 2.5/2.7 MB | 27/32 kBProgress (2): 2.5/2.7 MB | 27/32 kBProgress (2): 2.5/2.7 MB | 27/32 kBProgress (2): 2.5/2.7 MB | 27/32 kBProgress (2): 2.5/2.7 MB | 27/32 kBProgress (2): 2.5/2.7 MB | 30/32 kBProgress (2): 2.5/2.7 MB | 32 kB   Progress (2): 2.5/2.7 MB | 32 kBProgress (2): 2.6/2.7 MB | 32 kBProgress (2): 2.6/2.7 MB | 32 kBProgress (2): 2.6/2.7 MB | 32 kBProgress (2): 2.6/2.7 MB | 32 kBProgress (2): 2.6/2.7 MB | 32 kBProgress (2): 2.6/2.7 MB | 32 kBProgress (2): 2.7/2.7 MB | 32 kBProgress (2): 2.7/2.7 MB | 32 kBProgress (2): 2.7/2.7 MB | 32 kBProgress (2): 2.7/2.7 MB | 32 kBProgress (2): 2.7/2.7 MB | 32 kBProgress (2): 2.7/2.7 MB | 32 kBProgress (2): 2.7 MB | 32 kB                                Downloaded from central: https://repo.maven.apache.org/maven2/org/checkerframework/checker-compat-qual/2.0.0/checker-compat-qual-2.0.0.jar (32 kB at 26 kB/s)
Downloaded from central: https://repo.maven.apache.org/maven2/com/google/guava/guava/25.0-jre/guava-25.0-jre.jar (2.7 MB at 2.2 MB/s)
[INFO] 
[8mha:////4Pi8XoVfITk7QaQEnb24trAG3ipNzytlTg3Ai0Mkyp5cAAAAYB+LCAAAAAAAAP9b85aBtbiIQSmjNKU4P0+vJLE4u1gvPjexLDVPzxdEGvvmZ+X75ZekLlOVfvTjc8FPJgaGiiIGKaiG5Py84vycVD1nCA1SyAABjCCFBQCV27OjYAAAAA==[0m[INFO] --- maven-resources-plugin:3.1.0:resources (default-resources) @ panda ---
[INFO] Using 'UTF-8' encoding to copy filtered resources.
[INFO] Copying 1 resource
[INFO] Copying 2 resources
[INFO] 
[8mha:////4Pi8XoVfITk7QaQEnb24trAG3ipNzytlTg3Ai0Mkyp5cAAAAYB+LCAAAAAAAAP9b85aBtbiIQSmjNKU4P0+vJLE4u1gvPjexLDVPzxdEGvvmZ+X75ZekLlOVfvTjc8FPJgaGiiIGKaiG5Py84vycVD1nCA1SyAABjCCFBQCV27OjYAAAAA==[0m[INFO] --- maven-compiler-plugin:3.8.1:compile (default-compile) @ panda ---
[INFO] Changes detected - recompiling the module!
[INFO] Compiling 2 source files to /var/jenkins_home/workspace/CodePull/target/classes
[INFO] 
[8mha:////4Pi8XoVfITk7QaQEnb24trAG3ipNzytlTg3Ai0Mkyp5cAAAAYB+LCAAAAAAAAP9b85aBtbiIQSmjNKU4P0+vJLE4u1gvPjexLDVPzxdEGvvmZ+X75ZekLlOVfvTjc8FPJgaGiiIGKaiG5Py84vycVD1nCA1SyAABjCCFBQCV27OjYAAAAA==[0m[INFO] --- maven-compiler-plugin:3.8.1:compile (default) @ panda ---
[INFO] Changes detected - recompiling the module!
[INFO] Compiling 2 source files to /var/jenkins_home/workspace/CodePull/target/classes
[INFO] 
[8mha:////4Pi8XoVfITk7QaQEnb24trAG3ipNzytlTg3Ai0Mkyp5cAAAAYB+LCAAAAAAAAP9b85aBtbiIQSmjNKU4P0+vJLE4u1gvPjexLDVPzxdEGvvmZ+X75ZekLlOVfvTjc8FPJgaGiiIGKaiG5Py84vycVD1nCA1SyAABjCCFBQCV27OjYAAAAA==[0m[INFO] --- maven-resources-plugin:3.1.0:testResources (default-testResources) @ panda ---
[INFO] Using 'UTF-8' encoding to copy filtered resources.
[INFO] skip non existing resourceDirectory /var/jenkins_home/workspace/CodePull/src/test/resources
[INFO] 
[8mha:////4Pi8XoVfITk7QaQEnb24trAG3ipNzytlTg3Ai0Mkyp5cAAAAYB+LCAAAAAAAAP9b85aBtbiIQSmjNKU4P0+vJLE4u1gvPjexLDVPzxdEGvvmZ+X75ZekLlOVfvTjc8FPJgaGiiIGKaiG5Py84vycVD1nCA1SyAABjCCFBQCV27OjYAAAAA==[0m[INFO] --- maven-compiler-plugin:3.8.1:testCompile (default-testCompile) @ panda ---
[INFO] Changes detected - recompiling the module!
[INFO] Compiling 3 source files to /var/jenkins_home/workspace/CodePull/target/test-classes
[INFO] 
[8mha:////4Pi8XoVfITk7QaQEnb24trAG3ipNzytlTg3Ai0Mkyp5cAAAAYB+LCAAAAAAAAP9b85aBtbiIQSmjNKU4P0+vJLE4u1gvPjexLDVPzxdEGvvmZ+X75ZekLlOVfvTjc8FPJgaGiiIGKaiG5Py84vycVD1nCA1SyAABjCCFBQCV27OjYAAAAA==[0m[INFO] --- maven-surefire-plugin:2.22.2:test (default-test) @ panda ---
[INFO] 
[INFO] -------------------------------------------------------
[INFO]  T E S T S
[INFO] -------------------------------------------------------
[INFO] Running pl.pandait.panda.PandaApplicationTest
13:39:10.678 [main] DEBUG org.springframework.test.context.BootstrapUtils - Instantiating CacheAwareContextLoaderDelegate from class [org.springframework.test.context.cache.DefaultCacheAwareContextLoaderDelegate]
13:39:10.704 [main] DEBUG org.springframework.test.context.BootstrapUtils - Instantiating BootstrapContext using constructor [public org.springframework.test.context.support.DefaultBootstrapContext(java.lang.Class,org.springframework.test.context.CacheAwareContextLoaderDelegate)]
13:39:10.772 [main] DEBUG org.springframework.test.context.BootstrapUtils - Instantiating TestContextBootstrapper for test class [pl.pandait.panda.PandaApplicationTest] from class [org.springframework.boot.test.context.SpringBootTestContextBootstrapper]
13:39:10.807 [main] INFO org.springframework.boot.test.context.SpringBootTestContextBootstrapper - Neither @ContextConfiguration nor @ContextHierarchy found for test class [pl.pandait.panda.PandaApplicationTest], using SpringBootContextLoader
13:39:10.818 [main] DEBUG org.springframework.test.context.support.AbstractContextLoader - Did not detect default resource location for test class [pl.pandait.panda.PandaApplicationTest]: class path resource [pl/pandait/panda/PandaApplicationTest-context.xml] does not exist
13:39:10.818 [main] DEBUG org.springframework.test.context.support.AbstractContextLoader - Did not detect default resource location for test class [pl.pandait.panda.PandaApplicationTest]: class path resource [pl/pandait/panda/PandaApplicationTestContext.groovy] does not exist
13:39:10.819 [main] INFO org.springframework.test.context.support.AbstractContextLoader - Could not detect default resource locations for test class [pl.pandait.panda.PandaApplicationTest]: no resource found for suffixes {-context.xml, Context.groovy}.
13:39:10.820 [main] INFO org.springframework.test.context.support.AnnotationConfigContextLoaderUtils - Could not detect default configuration classes for test class [pl.pandait.panda.PandaApplicationTest]: PandaApplicationTest does not declare any static, non-private, non-final, nested classes annotated with @Configuration.
13:39:10.894 [main] DEBUG org.springframework.test.context.support.ActiveProfilesUtils - Could not find an 'annotation declaring class' for annotation type [org.springframework.test.context.ActiveProfiles] and class [pl.pandait.panda.PandaApplicationTest]
13:39:11.089 [main] DEBUG org.springframework.context.annotation.ClassPathScanningCandidateComponentProvider - Identified candidate component class: file [/var/jenkins_home/workspace/CodePull/target/classes/pl/pandait/panda/PandaApplication.class]
13:39:11.090 [main] INFO org.springframework.boot.test.context.SpringBootTestContextBootstrapper - Found @SpringBootConfiguration pl.pandait.panda.PandaApplication for test class pl.pandait.panda.PandaApplicationTest
13:39:11.288 [main] DEBUG org.springframework.boot.test.context.SpringBootTestContextBootstrapper - @TestExecutionListeners is not present for class [pl.pandait.panda.PandaApplicationTest]: using defaults.
13:39:11.290 [main] INFO org.springframework.boot.test.context.SpringBootTestContextBootstrapper - Loaded default TestExecutionListener class names from location [META-INF/spring.factories]: [org.springframework.boot.test.mock.mockito.MockitoTestExecutionListener, org.springframework.boot.test.mock.mockito.ResetMocksTestExecutionListener, org.springframework.boot.test.autoconfigure.restdocs.RestDocsTestExecutionListener, org.springframework.boot.test.autoconfigure.web.client.MockRestServiceServerResetTestExecutionListener, org.springframework.boot.test.autoconfigure.web.servlet.MockMvcPrintOnlyOnFailureTestExecutionListener, org.springframework.boot.test.autoconfigure.web.servlet.WebDriverTestExecutionListener, org.springframework.test.context.web.ServletTestExecutionListener, org.springframework.test.context.support.DirtiesContextBeforeModesTestExecutionListener, org.springframework.test.context.support.DependencyInjectionTestExecutionListener, org.springframework.test.context.support.DirtiesContextTestExecutionListener, org.springframework.test.context.transaction.TransactionalTestExecutionListener, org.springframework.test.context.jdbc.SqlScriptsTestExecutionListener, org.springframework.test.context.event.EventPublishingTestExecutionListener]
13:39:11.315 [main] DEBUG org.springframework.boot.test.context.SpringBootTestContextBootstrapper - Skipping candidate TestExecutionListener [org.springframework.test.context.transaction.TransactionalTestExecutionListener] due to a missing dependency. Specify custom listener classes or make the default listener classes and their required dependencies available. Offending class: [org/springframework/transaction/TransactionDefinition]
13:39:11.316 [main] DEBUG org.springframework.boot.test.context.SpringBootTestContextBootstrapper - Skipping candidate TestExecutionListener [org.springframework.test.context.jdbc.SqlScriptsTestExecutionListener] due to a missing dependency. Specify custom listener classes or make the default listener classes and their required dependencies available. Offending class: [org/springframework/transaction/interceptor/TransactionAttribute]
13:39:11.317 [main] INFO org.springframework.boot.test.context.SpringBootTestContextBootstrapper - Using TestExecutionListeners: [org.springframework.test.context.web.ServletTestExecutionListener@23fb172e, org.springframework.test.context.support.DirtiesContextBeforeModesTestExecutionListener@64ba3208, org.springframework.boot.test.mock.mockito.MockitoTestExecutionListener@158a3b2e, org.springframework.boot.test.autoconfigure.SpringBootDependencyInjectionTestExecutionListener@25a6944c, org.springframework.test.context.support.DirtiesContextTestExecutionListener@5e1fa5b1, org.springframework.test.context.event.EventPublishingTestExecutionListener@6b00f608, org.springframework.boot.test.mock.mockito.ResetMocksTestExecutionListener@2f17e30d, org.springframework.boot.test.autoconfigure.restdocs.RestDocsTestExecutionListener@3e821657, org.springframework.boot.test.autoconfigure.web.client.MockRestServiceServerResetTestExecutionListener@1d131e1b, org.springframework.boot.test.autoconfigure.web.servlet.MockMvcPrintOnlyOnFailureTestExecutionListener@71cf1b07, org.springframework.boot.test.autoconfigure.web.servlet.WebDriverTestExecutionListener@615091b8]
13:39:11.324 [main] DEBUG org.springframework.test.context.support.AbstractDirtiesContextTestExecutionListener - Before test class: context [DefaultTestContext@23bff419 testClass = PandaApplicationTest, testInstance = [null], testMethod = [null], testException = [null], mergedContextConfiguration = [WebMergedContextConfiguration@4983159f testClass = PandaApplicationTest, locations = '{}', classes = '{class pl.pandait.panda.PandaApplication}', contextInitializerClasses = '[]', activeProfiles = '{}', propertySourceLocations = '{}', propertySourceProperties = '{org.springframework.boot.test.context.SpringBootTestContextBootstrapper=true}', contextCustomizers = set[org.springframework.boot.test.context.filter.ExcludeFilterContextCustomizer@222a59e6, org.springframework.boot.test.json.DuplicateJsonObjectContextCustomizerFactory$DuplicateJsonObjectContextCustomizer@3e62d773, org.springframework.boot.test.mock.mockito.MockitoContextCustomizer@0, org.springframework.boot.test.web.client.TestRestTemplateContextCustomizer@1ebea008, org.springframework.boot.test.autoconfigure.properties.PropertyMappingContextCustomizer@0, org.springframework.boot.test.autoconfigure.web.servlet.WebDriverContextCustomizerFactory$Customizer@74f6c5d8], resourceBasePath = 'src/main/webapp', contextLoader = 'org.springframework.boot.test.context.SpringBootContextLoader', parent = [null]], attributes = map['org.springframework.test.context.web.ServletTestExecutionListener.activateListener' -> true]], class annotated with @DirtiesContext [false] with mode [null].
13:39:11.395 [main] DEBUG org.springframework.test.context.support.TestPropertySourceUtils - Adding inlined properties to environment: {spring.jmx.enabled=false, org.springframework.boot.test.context.SpringBootTestContextBootstrapper=true, server.port=-1}

  .   ____          _            __ _ _
 /\\ / ___'_ __ _ _(_)_ __  __ _ \ \ \ \
( ( )\___ | '_ | '_| | '_ \/ _` | \ \ \ \
 \\/  ___)| |_)| | | | | || (_| |  ) ) ) )
  '  |____| .__|_| |_|_| |_\__, | / / / /
 =========|_|==============|___/=/_/_/_/
 :: Spring Boot ::        (v2.2.4.RELEASE)

2021-03-07 13:39:12.201  INFO 228 --- [           main] pl.pandait.panda.PandaApplicationTest    : Starting PandaApplicationTest on 8770b56b85f9 with PID 228 (started by jenkins in /var/jenkins_home/workspace/CodePull)
2021-03-07 13:39:12.213  INFO 228 --- [           main] pl.pandait.panda.PandaApplicationTest    : No active profile set, falling back to default profiles: default
2021-03-07 13:39:14.870  INFO 228 --- [           main] o.s.s.concurrent.ThreadPoolTaskExecutor  : Initializing ExecutorService 'applicationTaskExecutor'
2021-03-07 13:39:14.974  INFO 228 --- [           main] o.s.b.a.w.s.WelcomePageHandlerMapping    : Adding welcome page: class path resource [static/index.html]
2021-03-07 13:39:15.312  INFO 228 --- [           main] pl.pandait.panda.PandaApplicationTest    : Started PandaApplicationTest in 3.894 seconds (JVM running for 5.803)
[INFO] Tests run: 1, Failures: 0, Errors: 0, Skipped: 0, Time elapsed: 5.712 s - in pl.pandait.panda.PandaApplicationTest
[INFO] Running pl.pandait.panda.HelloControllerTest
2021-03-07 13:39:16.177  INFO 228 --- [           main] .b.t.c.SpringBootTestContextBootstrapper : Neither @ContextConfiguration nor @ContextHierarchy found for test class [pl.pandait.panda.HelloControllerTest], using SpringBootContextLoader
2021-03-07 13:39:16.179  INFO 228 --- [           main] o.s.t.c.support.AbstractContextLoader    : Could not detect default resource locations for test class [pl.pandait.panda.HelloControllerTest]: no resource found for suffixes {-context.xml, Context.groovy}.
2021-03-07 13:39:16.179  INFO 228 --- [           main] t.c.s.AnnotationConfigContextLoaderUtils : Could not detect default configuration classes for test class [pl.pandait.panda.HelloControllerTest]: HelloControllerTest does not declare any static, non-private, non-final, nested classes annotated with @Configuration.
2021-03-07 13:39:16.181  INFO 228 --- [           main] .b.t.c.SpringBootTestContextBootstrapper : Found @SpringBootConfiguration pl.pandait.panda.PandaApplication for test class pl.pandait.panda.HelloControllerTest
2021-03-07 13:39:16.183  INFO 228 --- [           main] .b.t.c.SpringBootTestContextBootstrapper : Loaded default TestExecutionListener class names from location [META-INF/spring.factories]: [org.springframework.boot.test.mock.mockito.MockitoTestExecutionListener, org.springframework.boot.test.mock.mockito.ResetMocksTestExecutionListener, org.springframework.boot.test.autoconfigure.restdocs.RestDocsTestExecutionListener, org.springframework.boot.test.autoconfigure.web.client.MockRestServiceServerResetTestExecutionListener, org.springframework.boot.test.autoconfigure.web.servlet.MockMvcPrintOnlyOnFailureTestExecutionListener, org.springframework.boot.test.autoconfigure.web.servlet.WebDriverTestExecutionListener, org.springframework.test.context.web.ServletTestExecutionListener, org.springframework.test.context.support.DirtiesContextBeforeModesTestExecutionListener, org.springframework.test.context.support.DependencyInjectionTestExecutionListener, org.springframework.test.context.support.DirtiesContextTestExecutionListener, org.springframework.test.context.transaction.TransactionalTestExecutionListener, org.springframework.test.context.jdbc.SqlScriptsTestExecutionListener, org.springframework.test.context.event.EventPublishingTestExecutionListener]
2021-03-07 13:39:16.184  INFO 228 --- [           main] .b.t.c.SpringBootTestContextBootstrapper : Using TestExecutionListeners: [org.springframework.test.context.web.ServletTestExecutionListener@267f9765, org.springframework.test.context.support.DirtiesContextBeforeModesTestExecutionListener@79ba0a6f, org.springframework.boot.test.mock.mockito.MockitoTestExecutionListener@261de205, org.springframework.boot.test.autoconfigure.SpringBootDependencyInjectionTestExecutionListener@7f3fc42f, org.springframework.test.context.support.DirtiesContextTestExecutionListener@25a1a012, org.springframework.test.context.event.EventPublishingTestExecutionListener@ce12fbb, org.springframework.boot.test.mock.mockito.ResetMocksTestExecutionListener@4525e9e8, org.springframework.boot.test.autoconfigure.restdocs.RestDocsTestExecutionListener@443a53df, org.springframework.boot.test.autoconfigure.web.client.MockRestServiceServerResetTestExecutionListener@6c33da7a, org.springframework.boot.test.autoconfigure.web.servlet.MockMvcPrintOnlyOnFailureTestExecutionListener@69aabcb0, org.springframework.boot.test.autoconfigure.web.servlet.WebDriverTestExecutionListener@32a72c4]

  .   ____          _            __ _ _
 /\\ / ___'_ __ _ _(_)_ __  __ _ \ \ \ \
( ( )\___ | '_ | '_| | '_ \/ _` | \ \ \ \
 \\/  ___)| |_)| | | | | || (_| |  ) ) ) )
  '  |____| .__|_| |_|_| |_\__, | / / / /
 =========|_|==============|___/=/_/_/_/
 :: Spring Boot ::        (v2.2.4.RELEASE)

2021-03-07 13:39:16.242  INFO 228 --- [           main] pl.pandait.panda.HelloControllerTest     : Starting HelloControllerTest on 8770b56b85f9 with PID 228 (started by jenkins in /var/jenkins_home/workspace/CodePull)
2021-03-07 13:39:16.244  INFO 228 --- [           main] pl.pandait.panda.HelloControllerTest     : No active profile set, falling back to default profiles: default
2021-03-07 13:39:16.992  INFO 228 --- [           main] o.s.b.w.embedded.tomcat.TomcatWebServer  : Tomcat initialized with port(s): 0 (http)
2021-03-07 13:39:17.013  INFO 228 --- [           main] o.apache.catalina.core.StandardService   : Starting service [Tomcat]
2021-03-07 13:39:17.014  INFO 228 --- [           main] org.apache.catalina.core.StandardEngine  : Starting Servlet engine: [Apache Tomcat/9.0.30]
2021-03-07 13:39:17.170  INFO 228 --- [           main] o.a.c.c.C.[Tomcat].[localhost].[/]       : Initializing Spring embedded WebApplicationContext
2021-03-07 13:39:17.171  INFO 228 --- [           main] o.s.web.context.ContextLoader            : Root WebApplicationContext: initialization completed in 923 ms
2021-03-07 13:39:17.437  INFO 228 --- [           main] o.s.s.concurrent.ThreadPoolTaskExecutor  : Initializing ExecutorService 'applicationTaskExecutor'
2021-03-07 13:39:17.475  INFO 228 --- [           main] o.s.b.a.w.s.WelcomePageHandlerMapping    : Adding welcome page: class path resource [static/index.html]
2021-03-07 13:39:18.112  INFO 228 --- [           main] o.s.b.w.embedded.tomcat.TomcatWebServer  : Tomcat started on port(s): 34905 (http) with context path ''
2021-03-07 13:39:18.114  INFO 228 --- [           main] pl.pandait.panda.HelloControllerTest     : Started HelloControllerTest in 1.927 seconds (JVM running for 8.605)
2021-03-07 13:39:18.206  INFO 228 --- [           main] o.s.mock.web.MockServletContext          : Initializing Spring TestDispatcherServlet ''
2021-03-07 13:39:18.206  INFO 228 --- [           main] o.s.t.web.servlet.TestDispatcherServlet  : Initializing Servlet ''
2021-03-07 13:39:18.207  INFO 228 --- [           main] o.s.t.web.servlet.TestDispatcherServlet  : Completed initialization in 1 ms
[INFO] Tests run: 1, Failures: 0, Errors: 0, Skipped: 0, Time elapsed: 2.087 s - in pl.pandait.panda.HelloControllerTest
2021-03-07 13:39:18.375  INFO 228 --- [extShutdownHook] o.s.s.concurrent.ThreadPoolTaskExecutor  : Shutting down ExecutorService 'applicationTaskExecutor'
2021-03-07 13:39:18.394  INFO 228 --- [extShutdownHook] o.s.s.concurrent.ThreadPoolTaskExecutor  : Shutting down ExecutorService 'applicationTaskExecutor'
[INFO] 
[INFO] Results:
[INFO] 
[INFO] Tests run: 2, Failures: 0, Errors: 0, Skipped: 0
[INFO] 
[INFO] 
[8mha:////4Pi8XoVfITk7QaQEnb24trAG3ipNzytlTg3Ai0Mkyp5cAAAAYB+LCAAAAAAAAP9b85aBtbiIQSmjNKU4P0+vJLE4u1gvPjexLDVPzxdEGvvmZ+X75ZekLlOVfvTjc8FPJgaGiiIGKaiG5Py84vycVD1nCA1SyAABjCCFBQCV27OjYAAAAA==[0m[INFO] --- maven-surefire-plugin:2.22.2:test (default) @ panda ---
[INFO] Skipping execution of surefire because it has already been run for this configuration
[INFO] 
[8mha:////4Pi8XoVfITk7QaQEnb24trAG3ipNzytlTg3Ai0Mkyp5cAAAAYB+LCAAAAAAAAP9b85aBtbiIQSmjNKU4P0+vJLE4u1gvPjexLDVPzxdEGvvmZ+X75ZekLlOVfvTjc8FPJgaGiiIGKaiG5Py84vycVD1nCA1SyAABjCCFBQCV27OjYAAAAA==[0m[INFO] --- maven-jar-plugin:3.1.2:jar (default-jar) @ panda ---
[INFO] Building jar: /var/jenkins_home/workspace/CodePull/target/panda-0.0.1.jar
[INFO] 
[8mha:////4Pi8XoVfITk7QaQEnb24trAG3ipNzytlTg3Ai0Mkyp5cAAAAYB+LCAAAAAAAAP9b85aBtbiIQSmjNKU4P0+vJLE4u1gvPjexLDVPzxdEGvvmZ+X75ZekLlOVfvTjc8FPJgaGiiIGKaiG5Py84vycVD1nCA1SyAABjCCFBQCV27OjYAAAAA==[0m[INFO] --- spring-boot-maven-plugin:2.2.4.RELEASE:repackage (repackage) @ panda ---
[INFO] Replacing main artifact with repackaged archive
[INFO] 
[8mha:////4Pi8XoVfITk7QaQEnb24trAG3ipNzytlTg3Ai0Mkyp5cAAAAYB+LCAAAAAAAAP9b85aBtbiIQSmjNKU4P0+vJLE4u1gvPjexLDVPzxdEGvvmZ+X75ZekLlOVfvTjc8FPJgaGiiIGKaiG5Py84vycVD1nCA1SyAABjCCFBQCV27OjYAAAAA==[0m[INFO] --- maven-install-plugin:2.5.2:install (default-install) @ panda ---
[INFO] Installing /var/jenkins_home/workspace/CodePull/target/panda-0.0.1.jar to /var/jenkins_home/.m2/repository/pl/pandait/panda/0.0.1/panda-0.0.1.jar
[INFO] Installing /var/jenkins_home/workspace/CodePull/pom.xml to /var/jenkins_home/.m2/repository/pl/pandait/panda/0.0.1/panda-0.0.1.pom
[INFO] ------------------------------------------------------------------------
[INFO] BUILD SUCCESS
[INFO] ------------------------------------------------------------------------
[INFO] Total time:  22.540 s
[INFO] Finished at: 2021-03-07T13:39:20Z
[INFO] ------------------------------------------------------------------------
using settings config with name M3 settings
Replacing all maven server entries not found in credentials list is true
[CodePull] $ /var/jenkins_home/tools/hudson.tasks.Maven_MavenInstallation/m3/bin/mvn -s /tmp/settings12993445480675715795.xml deploy
[INFO] Scanning for projects...
[INFO] 
[INFO] --------------------------< pl.pandait:panda >--------------------------
[INFO] Building panda 0.0.1
[INFO] --------------------------------[ jar ]---------------------------------
[INFO] 
[8mha:////4Pi8XoVfITk7QaQEnb24trAG3ipNzytlTg3Ai0Mkyp5cAAAAYB+LCAAAAAAAAP9b85aBtbiIQSmjNKU4P0+vJLE4u1gvPjexLDVPzxdEGvvmZ+X75ZekLlOVfvTjc8FPJgaGiiIGKaiG5Py84vycVD1nCA1SyAABjCCFBQCV27OjYAAAAA==[0m[INFO] --- maven-resources-plugin:3.1.0:resources (default-resources) @ panda ---
[INFO] Using 'UTF-8' encoding to copy filtered resources.
[INFO] Copying 1 resource
[INFO] Copying 2 resources
[INFO] 
[8mha:////4Pi8XoVfITk7QaQEnb24trAG3ipNzytlTg3Ai0Mkyp5cAAAAYB+LCAAAAAAAAP9b85aBtbiIQSmjNKU4P0+vJLE4u1gvPjexLDVPzxdEGvvmZ+X75ZekLlOVfvTjc8FPJgaGiiIGKaiG5Py84vycVD1nCA1SyAABjCCFBQCV27OjYAAAAA==[0m[INFO] --- maven-compiler-plugin:3.8.1:compile (default-compile) @ panda ---
[INFO] Nothing to compile - all classes are up to date
[INFO] 
[8mha:////4Pi8XoVfITk7QaQEnb24trAG3ipNzytlTg3Ai0Mkyp5cAAAAYB+LCAAAAAAAAP9b85aBtbiIQSmjNKU4P0+vJLE4u1gvPjexLDVPzxdEGvvmZ+X75ZekLlOVfvTjc8FPJgaGiiIGKaiG5Py84vycVD1nCA1SyAABjCCFBQCV27OjYAAAAA==[0m[INFO] --- maven-compiler-plugin:3.8.1:compile (default) @ panda ---
[INFO] Nothing to compile - all classes are up to date
[INFO] 
[8mha:////4Pi8XoVfITk7QaQEnb24trAG3ipNzytlTg3Ai0Mkyp5cAAAAYB+LCAAAAAAAAP9b85aBtbiIQSmjNKU4P0+vJLE4u1gvPjexLDVPzxdEGvvmZ+X75ZekLlOVfvTjc8FPJgaGiiIGKaiG5Py84vycVD1nCA1SyAABjCCFBQCV27OjYAAAAA==[0m[INFO] --- maven-resources-plugin:3.1.0:testResources (default-testResources) @ panda ---
[INFO] Using 'UTF-8' encoding to copy filtered resources.
[INFO] skip non existing resourceDirectory /var/jenkins_home/workspace/CodePull/src/test/resources
[INFO] 
[8mha:////4Pi8XoVfITk7QaQEnb24trAG3ipNzytlTg3Ai0Mkyp5cAAAAYB+LCAAAAAAAAP9b85aBtbiIQSmjNKU4P0+vJLE4u1gvPjexLDVPzxdEGvvmZ+X75ZekLlOVfvTjc8FPJgaGiiIGKaiG5Py84vycVD1nCA1SyAABjCCFBQCV27OjYAAAAA==[0m[INFO] --- maven-compiler-plugin:3.8.1:testCompile (default-testCompile) @ panda ---
[INFO] Changes detected - recompiling the module!
[INFO] Compiling 3 source files to /var/jenkins_home/workspace/CodePull/target/test-classes
[INFO] 
[8mha:////4Pi8XoVfITk7QaQEnb24trAG3ipNzytlTg3Ai0Mkyp5cAAAAYB+LCAAAAAAAAP9b85aBtbiIQSmjNKU4P0+vJLE4u1gvPjexLDVPzxdEGvvmZ+X75ZekLlOVfvTjc8FPJgaGiiIGKaiG5Py84vycVD1nCA1SyAABjCCFBQCV27OjYAAAAA==[0m[INFO] --- maven-surefire-plugin:2.22.2:test (default-test) @ panda ---
[INFO] 
[INFO] -------------------------------------------------------
[INFO]  T E S T S
[INFO] -------------------------------------------------------
[INFO] Running pl.pandait.panda.PandaApplicationTest
13:39:27.147 [main] DEBUG org.springframework.test.context.BootstrapUtils - Instantiating CacheAwareContextLoaderDelegate from class [org.springframework.test.context.cache.DefaultCacheAwareContextLoaderDelegate]
13:39:27.162 [main] DEBUG org.springframework.test.context.BootstrapUtils - Instantiating BootstrapContext using constructor [public org.springframework.test.context.support.DefaultBootstrapContext(java.lang.Class,org.springframework.test.context.CacheAwareContextLoaderDelegate)]
13:39:27.205 [main] DEBUG org.springframework.test.context.BootstrapUtils - Instantiating TestContextBootstrapper for test class [pl.pandait.panda.PandaApplicationTest] from class [org.springframework.boot.test.context.SpringBootTestContextBootstrapper]
13:39:27.231 [main] INFO org.springframework.boot.test.context.SpringBootTestContextBootstrapper - Neither @ContextConfiguration nor @ContextHierarchy found for test class [pl.pandait.panda.PandaApplicationTest], using SpringBootContextLoader
13:39:27.236 [main] DEBUG org.springframework.test.context.support.AbstractContextLoader - Did not detect default resource location for test class [pl.pandait.panda.PandaApplicationTest]: class path resource [pl/pandait/panda/PandaApplicationTest-context.xml] does not exist
13:39:27.238 [main] DEBUG org.springframework.test.context.support.AbstractContextLoader - Did not detect default resource location for test class [pl.pandait.panda.PandaApplicationTest]: class path resource [pl/pandait/panda/PandaApplicationTestContext.groovy] does not exist
13:39:27.240 [main] INFO org.springframework.test.context.support.AbstractContextLoader - Could not detect default resource locations for test class [pl.pandait.panda.PandaApplicationTest]: no resource found for suffixes {-context.xml, Context.groovy}.
13:39:27.242 [main] INFO org.springframework.test.context.support.AnnotationConfigContextLoaderUtils - Could not detect default configuration classes for test class [pl.pandait.panda.PandaApplicationTest]: PandaApplicationTest does not declare any static, non-private, non-final, nested classes annotated with @Configuration.
13:39:27.277 [main] DEBUG org.springframework.test.context.support.ActiveProfilesUtils - Could not find an 'annotation declaring class' for annotation type [org.springframework.test.context.ActiveProfiles] and class [pl.pandait.panda.PandaApplicationTest]
13:39:27.361 [main] DEBUG org.springframework.context.annotation.ClassPathScanningCandidateComponentProvider - Identified candidate component class: file [/var/jenkins_home/workspace/CodePull/target/classes/pl/pandait/panda/PandaApplication.class]
13:39:27.363 [main] INFO org.springframework.boot.test.context.SpringBootTestContextBootstrapper - Found @SpringBootConfiguration pl.pandait.panda.PandaApplication for test class pl.pandait.panda.PandaApplicationTest
13:39:27.472 [main] DEBUG org.springframework.boot.test.context.SpringBootTestContextBootstrapper - @TestExecutionListeners is not present for class [pl.pandait.panda.PandaApplicationTest]: using defaults.
13:39:27.473 [main] INFO org.springframework.boot.test.context.SpringBootTestContextBootstrapper - Loaded default TestExecutionListener class names from location [META-INF/spring.factories]: [org.springframework.boot.test.mock.mockito.MockitoTestExecutionListener, org.springframework.boot.test.mock.mockito.ResetMocksTestExecutionListener, org.springframework.boot.test.autoconfigure.restdocs.RestDocsTestExecutionListener, org.springframework.boot.test.autoconfigure.web.client.MockRestServiceServerResetTestExecutionListener, org.springframework.boot.test.autoconfigure.web.servlet.MockMvcPrintOnlyOnFailureTestExecutionListener, org.springframework.boot.test.autoconfigure.web.servlet.WebDriverTestExecutionListener, org.springframework.test.context.web.ServletTestExecutionListener, org.springframework.test.context.support.DirtiesContextBeforeModesTestExecutionListener, org.springframework.test.context.support.DependencyInjectionTestExecutionListener, org.springframework.test.context.support.DirtiesContextTestExecutionListener, org.springframework.test.context.transaction.TransactionalTestExecutionListener, org.springframework.test.context.jdbc.SqlScriptsTestExecutionListener, org.springframework.test.context.event.EventPublishingTestExecutionListener]
13:39:27.486 [main] DEBUG org.springframework.boot.test.context.SpringBootTestContextBootstrapper - Skipping candidate TestExecutionListener [org.springframework.test.context.transaction.TransactionalTestExecutionListener] due to a missing dependency. Specify custom listener classes or make the default listener classes and their required dependencies available. Offending class: [org/springframework/transaction/interceptor/TransactionAttributeSource]
13:39:27.487 [main] DEBUG org.springframework.boot.test.context.SpringBootTestContextBootstrapper - Skipping candidate TestExecutionListener [org.springframework.test.context.jdbc.SqlScriptsTestExecutionListener] due to a missing dependency. Specify custom listener classes or make the default listener classes and their required dependencies available. Offending class: [org/springframework/transaction/interceptor/TransactionAttribute]
13:39:27.488 [main] INFO org.springframework.boot.test.context.SpringBootTestContextBootstrapper - Using TestExecutionListeners: [org.springframework.test.context.web.ServletTestExecutionListener@158a3b2e, org.springframework.test.context.support.DirtiesContextBeforeModesTestExecutionListener@25a6944c, org.springframework.boot.test.mock.mockito.MockitoTestExecutionListener@5e1fa5b1, org.springframework.boot.test.autoconfigure.SpringBootDependencyInjectionTestExecutionListener@6b00f608, org.springframework.test.context.support.DirtiesContextTestExecutionListener@2f17e30d, org.springframework.test.context.event.EventPublishingTestExecutionListener@3e821657, org.springframework.boot.test.mock.mockito.ResetMocksTestExecutionListener@1d131e1b, org.springframework.boot.test.autoconfigure.restdocs.RestDocsTestExecutionListener@71cf1b07, org.springframework.boot.test.autoconfigure.web.client.MockRestServiceServerResetTestExecutionListener@615091b8, org.springframework.boot.test.autoconfigure.web.servlet.MockMvcPrintOnlyOnFailureTestExecutionListener@4fce136b, org.springframework.boot.test.autoconfigure.web.servlet.WebDriverTestExecutionListener@4aa83f4f]
13:39:27.494 [main] DEBUG org.springframework.test.context.support.AbstractDirtiesContextTestExecutionListener - Before test class: context [DefaultTestContext@44e3a2b2 testClass = PandaApplicationTest, testInstance = [null], testMethod = [null], testException = [null], mergedContextConfiguration = [WebMergedContextConfiguration@101639ae testClass = PandaApplicationTest, locations = '{}', classes = '{class pl.pandait.panda.PandaApplication}', contextInitializerClasses = '[]', activeProfiles = '{}', propertySourceLocations = '{}', propertySourceProperties = '{org.springframework.boot.test.context.SpringBootTestContextBootstrapper=true}', contextCustomizers = set[org.springframework.boot.test.context.filter.ExcludeFilterContextCustomizer@4c2bb6e0, org.springframework.boot.test.json.DuplicateJsonObjectContextCustomizerFactory$DuplicateJsonObjectContextCustomizer@7283d3eb, org.springframework.boot.test.mock.mockito.MockitoContextCustomizer@0, org.springframework.boot.test.web.client.TestRestTemplateContextCustomizer@1787f2a0, org.springframework.boot.test.autoconfigure.properties.PropertyMappingContextCustomizer@0, org.springframework.boot.test.autoconfigure.web.servlet.WebDriverContextCustomizerFactory$Customizer@34b9f960], resourceBasePath = 'src/main/webapp', contextLoader = 'org.springframework.boot.test.context.SpringBootContextLoader', parent = [null]], attributes = map['org.springframework.test.context.web.ServletTestExecutionListener.activateListener' -> true]], class annotated with @DirtiesContext [false] with mode [null].
13:39:27.525 [main] DEBUG org.springframework.test.context.support.TestPropertySourceUtils - Adding inlined properties to environment: {spring.jmx.enabled=false, org.springframework.boot.test.context.SpringBootTestContextBootstrapper=true, server.port=-1}

  .   ____          _            __ _ _
 /\\ / ___'_ __ _ _(_)_ __  __ _ \ \ \ \
( ( )\___ | '_ | '_| | '_ \/ _` | \ \ \ \
 \\/  ___)| |_)| | | | | || (_| |  ) ) ) )
  '  |____| .__|_| |_|_| |_\__, | / / / /
 =========|_|==============|___/=/_/_/_/
 :: Spring Boot ::        (v2.2.4.RELEASE)

2021-03-07 13:39:28.209  INFO 328 --- [           main] pl.pandait.panda.PandaApplicationTest    : Starting PandaApplicationTest on 8770b56b85f9 with PID 328 (started by jenkins in /var/jenkins_home/workspace/CodePull)
2021-03-07 13:39:28.212  INFO 328 --- [           main] pl.pandait.panda.PandaApplicationTest    : No active profile set, falling back to default profiles: default
2021-03-07 13:39:30.169  INFO 328 --- [           main] o.s.s.concurrent.ThreadPoolTaskExecutor  : Initializing ExecutorService 'applicationTaskExecutor'
2021-03-07 13:39:30.446  INFO 328 --- [           main] o.s.b.a.w.s.WelcomePageHandlerMapping    : Adding welcome page: class path resource [static/index.html]
2021-03-07 13:39:30.816  INFO 328 --- [           main] pl.pandait.panda.PandaApplicationTest    : Started PandaApplicationTest in 3.275 seconds (JVM running for 4.725)
[INFO] Tests run: 1, Failures: 0, Errors: 0, Skipped: 0, Time elapsed: 4.322 s - in pl.pandait.panda.PandaApplicationTest
[INFO] Running pl.pandait.panda.HelloControllerTest
2021-03-07 13:39:31.359  INFO 328 --- [           main] .b.t.c.SpringBootTestContextBootstrapper : Neither @ContextConfiguration nor @ContextHierarchy found for test class [pl.pandait.panda.HelloControllerTest], using SpringBootContextLoader
2021-03-07 13:39:31.360  INFO 328 --- [           main] o.s.t.c.support.AbstractContextLoader    : Could not detect default resource locations for test class [pl.pandait.panda.HelloControllerTest]: no resource found for suffixes {-context.xml, Context.groovy}.
2021-03-07 13:39:31.360  INFO 328 --- [           main] t.c.s.AnnotationConfigContextLoaderUtils : Could not detect default configuration classes for test class [pl.pandait.panda.HelloControllerTest]: HelloControllerTest does not declare any static, non-private, non-final, nested classes annotated with @Configuration.
2021-03-07 13:39:31.361  INFO 328 --- [           main] .b.t.c.SpringBootTestContextBootstrapper : Found @SpringBootConfiguration pl.pandait.panda.PandaApplication for test class pl.pandait.panda.HelloControllerTest
2021-03-07 13:39:31.363  INFO 328 --- [           main] .b.t.c.SpringBootTestContextBootstrapper : Loaded default TestExecutionListener class names from location [META-INF/spring.factories]: [org.springframework.boot.test.mock.mockito.MockitoTestExecutionListener, org.springframework.boot.test.mock.mockito.ResetMocksTestExecutionListener, org.springframework.boot.test.autoconfigure.restdocs.RestDocsTestExecutionListener, org.springframework.boot.test.autoconfigure.web.client.MockRestServiceServerResetTestExecutionListener, org.springframework.boot.test.autoconfigure.web.servlet.MockMvcPrintOnlyOnFailureTestExecutionListener, org.springframework.boot.test.autoconfigure.web.servlet.WebDriverTestExecutionListener, org.springframework.test.context.web.ServletTestExecutionListener, org.springframework.test.context.support.DirtiesContextBeforeModesTestExecutionListener, org.springframework.test.context.support.DependencyInjectionTestExecutionListener, org.springframework.test.context.support.DirtiesContextTestExecutionListener, org.springframework.test.context.transaction.TransactionalTestExecutionListener, org.springframework.test.context.jdbc.SqlScriptsTestExecutionListener, org.springframework.test.context.event.EventPublishingTestExecutionListener]
2021-03-07 13:39:31.365  INFO 328 --- [           main] .b.t.c.SpringBootTestContextBootstrapper : Using TestExecutionListeners: [org.springframework.test.context.web.ServletTestExecutionListener@267f9765, org.springframework.test.context.support.DirtiesContextBeforeModesTestExecutionListener@79ba0a6f, org.springframework.boot.test.mock.mockito.MockitoTestExecutionListener@261de205, org.springframework.boot.test.autoconfigure.SpringBootDependencyInjectionTestExecutionListener@7f3fc42f, org.springframework.test.context.support.DirtiesContextTestExecutionListener@25a1a012, org.springframework.test.context.event.EventPublishingTestExecutionListener@ce12fbb, org.springframework.boot.test.mock.mockito.ResetMocksTestExecutionListener@4525e9e8, org.springframework.boot.test.autoconfigure.restdocs.RestDocsTestExecutionListener@443a53df, org.springframework.boot.test.autoconfigure.web.client.MockRestServiceServerResetTestExecutionListener@6c33da7a, org.springframework.boot.test.autoconfigure.web.servlet.MockMvcPrintOnlyOnFailureTestExecutionListener@69aabcb0, org.springframework.boot.test.autoconfigure.web.servlet.WebDriverTestExecutionListener@32a72c4]

  .   ____          _            __ _ _
 /\\ / ___'_ __ _ _(_)_ __  __ _ \ \ \ \
( ( )\___ | '_ | '_| | '_ \/ _` | \ \ \ \
 \\/  ___)| |_)| | | | | || (_| |  ) ) ) )
  '  |____| .__|_| |_|_| |_\__, | / / / /
 =========|_|==============|___/=/_/_/_/
 :: Spring Boot ::        (v2.2.4.RELEASE)

2021-03-07 13:39:31.400  INFO 328 --- [           main] pl.pandait.panda.HelloControllerTest     : Starting HelloControllerTest on 8770b56b85f9 with PID 328 (started by jenkins in /var/jenkins_home/workspace/CodePull)
2021-03-07 13:39:31.401  INFO 328 --- [           main] pl.pandait.panda.HelloControllerTest     : No active profile set, falling back to default profiles: default
2021-03-07 13:39:31.873  INFO 328 --- [           main] o.s.b.w.embedded.tomcat.TomcatWebServer  : Tomcat initialized with port(s): 0 (http)
2021-03-07 13:39:31.889  INFO 328 --- [           main] o.apache.catalina.core.StandardService   : Starting service [Tomcat]
2021-03-07 13:39:31.889  INFO 328 --- [           main] org.apache.catalina.core.StandardEngine  : Starting Servlet engine: [Apache Tomcat/9.0.30]
2021-03-07 13:39:31.998  INFO 328 --- [           main] o.a.c.c.C.[Tomcat].[localhost].[/]       : Initializing Spring embedded WebApplicationContext
2021-03-07 13:39:31.998  INFO 328 --- [           main] o.s.web.context.ContextLoader            : Root WebApplicationContext: initialization completed in 591 ms
2021-03-07 13:39:32.188  INFO 328 --- [           main] o.s.s.concurrent.ThreadPoolTaskExecutor  : Initializing ExecutorService 'applicationTaskExecutor'
2021-03-07 13:39:32.227  INFO 328 --- [           main] o.s.b.a.w.s.WelcomePageHandlerMapping    : Adding welcome page: class path resource [static/index.html]
2021-03-07 13:39:32.832  INFO 328 --- [           main] o.s.b.w.embedded.tomcat.TomcatWebServer  : Tomcat started on port(s): 35491 (http) with context path ''
2021-03-07 13:39:32.834  INFO 328 --- [           main] pl.pandait.panda.HelloControllerTest     : Started HelloControllerTest in 1.465 seconds (JVM running for 6.744)
2021-03-07 13:39:32.921  INFO 328 --- [           main] o.s.mock.web.MockServletContext          : Initializing Spring TestDispatcherServlet ''
2021-03-07 13:39:32.922  INFO 328 --- [           main] o.s.t.web.servlet.TestDispatcherServlet  : Initializing Servlet ''
2021-03-07 13:39:32.930  INFO 328 --- [           main] o.s.t.web.servlet.TestDispatcherServlet  : Completed initialization in 1 ms
[INFO] Tests run: 1, Failures: 0, Errors: 0, Skipped: 0, Time elapsed: 1.616 s - in pl.pandait.panda.HelloControllerTest
2021-03-07 13:39:33.127  INFO 328 --- [extShutdownHook] o.s.s.concurrent.ThreadPoolTaskExecutor  : Shutting down ExecutorService 'applicationTaskExecutor'
2021-03-07 13:39:33.139  INFO 328 --- [extShutdownHook] o.s.s.concurrent.ThreadPoolTaskExecutor  : Shutting down ExecutorService 'applicationTaskExecutor'
[INFO] 
[INFO] Results:
[INFO] 
[INFO] Tests run: 2, Failures: 0, Errors: 0, Skipped: 0
[INFO] 
[INFO] 
[8mha:////4Pi8XoVfITk7QaQEnb24trAG3ipNzytlTg3Ai0Mkyp5cAAAAYB+LCAAAAAAAAP9b85aBtbiIQSmjNKU4P0+vJLE4u1gvPjexLDVPzxdEGvvmZ+X75ZekLlOVfvTjc8FPJgaGiiIGKaiG5Py84vycVD1nCA1SyAABjCCFBQCV27OjYAAAAA==[0m[INFO] --- maven-surefire-plugin:2.22.2:test (default) @ panda ---
[INFO] Skipping execution of surefire because it has already been run for this configuration
[INFO] 
[8mha:////4Pi8XoVfITk7QaQEnb24trAG3ipNzytlTg3Ai0Mkyp5cAAAAYB+LCAAAAAAAAP9b85aBtbiIQSmjNKU4P0+vJLE4u1gvPjexLDVPzxdEGvvmZ+X75ZekLlOVfvTjc8FPJgaGiiIGKaiG5Py84vycVD1nCA1SyAABjCCFBQCV27OjYAAAAA==[0m[INFO] --- maven-jar-plugin:3.1.2:jar (default-jar) @ panda ---
[INFO] Building jar: /var/jenkins_home/workspace/CodePull/target/panda-0.0.1.jar
[INFO] 
[8mha:////4Pi8XoVfITk7QaQEnb24trAG3ipNzytlTg3Ai0Mkyp5cAAAAYB+LCAAAAAAAAP9b85aBtbiIQSmjNKU4P0+vJLE4u1gvPjexLDVPzxdEGvvmZ+X75ZekLlOVfvTjc8FPJgaGiiIGKaiG5Py84vycVD1nCA1SyAABjCCFBQCV27OjYAAAAA==[0m[INFO] --- spring-boot-maven-plugin:2.2.4.RELEASE:repackage (repackage) @ panda ---
[INFO] Replacing main artifact with repackaged archive
[INFO] 
[8mha:////4Pi8XoVfITk7QaQEnb24trAG3ipNzytlTg3Ai0Mkyp5cAAAAYB+LCAAAAAAAAP9b85aBtbiIQSmjNKU4P0+vJLE4u1gvPjexLDVPzxdEGvvmZ+X75ZekLlOVfvTjc8FPJgaGiiIGKaiG5Py84vycVD1nCA1SyAABjCCFBQCV27OjYAAAAA==[0m[INFO] --- maven-install-plugin:2.5.2:install (default-install) @ panda ---
[INFO] Installing /var/jenkins_home/workspace/CodePull/target/panda-0.0.1.jar to /var/jenkins_home/.m2/repository/pl/pandait/panda/0.0.1/panda-0.0.1.jar
[INFO] Installing /var/jenkins_home/workspace/CodePull/pom.xml to /var/jenkins_home/.m2/repository/pl/pandait/panda/0.0.1/panda-0.0.1.pom
[INFO] 
[8mha:////4Pi8XoVfITk7QaQEnb24trAG3ipNzytlTg3Ai0Mkyp5cAAAAYB+LCAAAAAAAAP9b85aBtbiIQSmjNKU4P0+vJLE4u1gvPjexLDVPzxdEGvvmZ+X75ZekLlOVfvTjc8FPJgaGiiIGKaiG5Py84vycVD1nCA1SyAABjCCFBQCV27OjYAAAAA==[0m[INFO] --- maven-deploy-plugin:2.8.2:deploy (default-deploy) @ panda ---
Uploading to artifactory: http://192.168.44.44:8081/artifactory/libs-release-local/pl/pandait/panda/0.0.1/panda-0.0.1.jar
Uploading to artifactory: http://192.168.44.44:8081/artifactory/libs-release-local/pl/pandait/panda/0.0.1/panda-0.0.1.pom
[INFO] ------------------------------------------------------------------------
[INFO] BUILD FAILURE
[INFO] ------------------------------------------------------------------------
[INFO] Total time:  12.408 s
[INFO] Finished at: 2021-03-07T13:39:35Z
[INFO] ------------------------------------------------------------------------
[8mha:////4KxfYMAAJURWib6dY3kuAcI+VhE7+pTEuERTw/4qgmKVAAAAYB+LCAAAAAAAAP9b85aBtbiIQSmjNKU4P0+vJLE4u1gvPjexLDVPzxdEuhYV5Rf55ZekOlc7RKnPKH7IxMBQUcQgBdWQnJ9XnJ+TqucMoUEKGSCAEaSwAACsNFCqYAAAAA==[0m[ERROR] Failed to execute goal org.apache.maven.plugins:maven-deploy-plugin:2.8.2:deploy (default-deploy) on project panda: Failed to deploy artifacts: Could not transfer artifact pl.pandait:panda:jar:0.0.1 from/to artifactory (http://192.168.44.44:8081/artifactory/libs-release-local): Transfer failed for http://192.168.44.44:8081/artifactory/libs-release-local/pl/pandait/panda/0.0.1/panda-0.0.1.jar: Connect to 192.168.44.44:8081 [/192.168.44.44] failed: Connection refused (Connection refused) -> [Help 1]
[8mha:////4KxfYMAAJURWib6dY3kuAcI+VhE7+pTEuERTw/4qgmKVAAAAYB+LCAAAAAAAAP9b85aBtbiIQSmjNKU4P0+vJLE4u1gvPjexLDVPzxdEuhYV5Rf55ZekOlc7RKnPKH7IxMBQUcQgBdWQnJ9XnJ+TqucMoUEKGSCAEaSwAACsNFCqYAAAAA==[0m[ERROR] 
[8mha:////4KxfYMAAJURWib6dY3kuAcI+VhE7+pTEuERTw/4qgmKVAAAAYB+LCAAAAAAAAP9b85aBtbiIQSmjNKU4P0+vJLE4u1gvPjexLDVPzxdEuhYV5Rf55ZekOlc7RKnPKH7IxMBQUcQgBdWQnJ9XnJ+TqucMoUEKGSCAEaSwAACsNFCqYAAAAA==[0m[ERROR] To see the full stack trace of the errors, re-run Maven with the -e switch.
[8mha:////4KxfYMAAJURWib6dY3kuAcI+VhE7+pTEuERTw/4qgmKVAAAAYB+LCAAAAAAAAP9b85aBtbiIQSmjNKU4P0+vJLE4u1gvPjexLDVPzxdEuhYV5Rf55ZekOlc7RKnPKH7IxMBQUcQgBdWQnJ9XnJ+TqucMoUEKGSCAEaSwAACsNFCqYAAAAA==[0m[ERROR] Re-run Maven using the -X switch to enable full debug logging.
[8mha:////4KxfYMAAJURWib6dY3kuAcI+VhE7+pTEuERTw/4qgmKVAAAAYB+LCAAAAAAAAP9b85aBtbiIQSmjNKU4P0+vJLE4u1gvPjexLDVPzxdEuhYV5Rf55ZekOlc7RKnPKH7IxMBQUcQgBdWQnJ9XnJ+TqucMoUEKGSCAEaSwAACsNFCqYAAAAA==[0m[ERROR] 
[8mha:////4KxfYMAAJURWib6dY3kuAcI+VhE7+pTEuERTw/4qgmKVAAAAYB+LCAAAAAAAAP9b85aBtbiIQSmjNKU4P0+vJLE4u1gvPjexLDVPzxdEuhYV5Rf55ZekOlc7RKnPKH7IxMBQUcQgBdWQnJ9XnJ+TqucMoUEKGSCAEaSwAACsNFCqYAAAAA==[0m[ERROR] For more information about the errors and possible solutions, please read the following articles:
[8mha:////4KxfYMAAJURWib6dY3kuAcI+VhE7+pTEuERTw/4qgmKVAAAAYB+LCAAAAAAAAP9b85aBtbiIQSmjNKU4P0+vJLE4u1gvPjexLDVPzxdEuhYV5Rf55ZekOlc7RKnPKH7IxMBQUcQgBdWQnJ9XnJ+TqucMoUEKGSCAEaSwAACsNFCqYAAAAA==[0m[ERROR] [Help 1] http://cwiki.apache.org/confluence/display/MAVEN/MojoExecutionException
Build step 'Invoke top-level Maven targets' marked build as failure
Finished: FAILURE
